<?xml version="1.0" encoding="UTF-8"?>
<coverage generated="1598000210186" clover="3.2.0">
  <project timestamp="1598000210186" name="All files">
    <metrics statements="423" coveredstatements="368" conditionals="320" coveredconditionals="247" methods="83" coveredmethods="76" elements="826" coveredelements="691" complexity="0" loc="423" ncloc="423" packages="1" files="46" classes="46"/>
    <file name="addNums.js" path="D:\wz\web-road\fire-leaf-one\FL-utils\src\addNums.js">
      <metrics statements="11" coveredstatements="11" conditionals="6" coveredconditionals="5" methods="1" coveredmethods="1"/>
      <line num="8" count="2" type="stmt"/>
      <line num="9" count="2" type="stmt"/>
      <line num="10" count="2" type="stmt"/>
      <line num="11" count="2" type="stmt"/>
      <line num="12" count="2" type="stmt"/>
      <line num="13" count="2" type="cond" truecount="1" falsecount="1"/>
      <line num="15" count="2" type="cond" truecount="2" falsecount="0"/>
      <line num="16" count="2" type="cond" truecount="2" falsecount="0"/>
      <line num="17" count="2" type="stmt"/>
      <line num="18" count="2" type="stmt"/>
      <line num="19" count="2" type="stmt"/>
    </file>
    <file name="antdFormFormat.js" path="D:\wz\web-road\fire-leaf-one\FL-utils\src\antdFormFormat.js">
      <metrics statements="10" coveredstatements="10" conditionals="3" coveredconditionals="2" methods="2" coveredmethods="2"/>
      <line num="10" count="2" type="stmt"/>
      <line num="13" count="2" type="cond" truecount="2" falsecount="0"/>
      <line num="14" count="1" type="stmt"/>
      <line num="15" count="1" type="stmt"/>
      <line num="17" count="1" type="stmt"/>
      <line num="18" count="1" type="stmt"/>
      <line num="20" count="1" type="stmt"/>
      <line num="21" count="2" type="stmt"/>
      <line num="22" count="2" type="stmt"/>
      <line num="24" count="1" type="stmt"/>
    </file>
    <file name="arrayToTree.js" path="D:\wz\web-road\fire-leaf-one\FL-utils\src\arrayToTree.js">
      <metrics statements="14" coveredstatements="13" conditionals="9" coveredconditionals="6" methods="3" coveredmethods="3"/>
      <line num="11" count="1" type="cond" truecount="1" falsecount="1"/>
      <line num="12" count="0" type="stmt"/>
      <line num="14" count="1" type="stmt"/>
      <line num="15" count="1" type="stmt"/>
      <line num="16" count="1" type="stmt"/>
      <line num="17" count="1" type="stmt"/>
      <line num="18" count="4" type="stmt"/>
      <line num="21" count="1" type="stmt"/>
      <line num="22" count="4" type="stmt"/>
      <line num="23" count="4" type="cond" truecount="2" falsecount="0"/>
      <line num="24" count="3" type="cond" truecount="2" falsecount="0"/>
      <line num="25" count="3" type="stmt"/>
      <line num="27" count="1" type="stmt"/>
      <line num="30" count="1" type="stmt"/>
    </file>
    <file name="arrayTreeCallBack.js" path="D:\wz\web-road\fire-leaf-one\FL-utils\src\arrayTreeCallBack.js">
      <metrics statements="19" coveredstatements="18" conditionals="17" coveredconditionals="14" methods="3" coveredmethods="3"/>
      <line num="12" count="2" type="cond" truecount="1" falsecount="1"/>
      <line num="13" count="0" type="stmt"/>
      <line num="15" count="2" type="cond" truecount="1" falsecount="1"/>
      <line num="16" count="2" type="stmt"/>
      <line num="20" count="2" type="stmt"/>
      <line num="23" count="6" type="stmt"/>
      <line num="24" count="8" type="stmt"/>
      <line num="25" count="8" type="cond" truecount="2" falsecount="0"/>
      <line num="26" count="4" type="stmt"/>
      <line num="27" count="4" type="cond" truecount="2" falsecount="0"/>
      <line num="31" count="2" type="stmt"/>
      <line num="32" count="2" type="stmt"/>
      <line num="34" count="4" type="cond" truecount="1" falsecount="1"/>
      <line num="35" count="4" type="cond" truecount="2" falsecount="0"/>
      <line num="39" count="2" type="stmt"/>
      <line num="40" count="2" type="stmt"/>
      <line num="42" count="4" type="stmt"/>
      <line num="44" count="8" type="stmt"/>
      <line num="48" count="2" type="stmt"/>
    </file>
    <file name="beNaN.js" path="D:\wz\web-road\fire-leaf-one\FL-utils\src\beNaN.js">
      <metrics statements="1" coveredstatements="1" conditionals="2" coveredconditionals="2" methods="1" coveredmethods="1"/>
      <line num="22" count="6" type="cond" truecount="2" falsecount="0"/>
    </file>
    <file name="btSize.js" path="D:\wz\web-road\fire-leaf-one\FL-utils\src\btSize.js">
      <metrics statements="12" coveredstatements="10" conditionals="6" coveredconditionals="4" methods="1" coveredmethods="1"/>
      <line num="8" count="2" type="stmt"/>
      <line num="9" count="2" type="stmt"/>
      <line num="10" count="2" type="cond" truecount="2" falsecount="0"/>
      <line num="11" count="1" type="stmt"/>
      <line num="12" count="1" type="stmt"/>
      <line num="13" count="1" type="stmt"/>
      <line num="14" count="1" type="cond" truecount="1" falsecount="1"/>
      <line num="15" count="0" type="stmt"/>
      <line num="17" count="1" type="stmt"/>
      <line num="19" count="1" type="cond" truecount="1" falsecount="1"/>
      <line num="20" count="1" type="stmt"/>
      <line num="22" count="0" type="stmt"/>
    </file>
    <file name="debounce.js" path="D:\wz\web-road\fire-leaf-one\FL-utils\src\debounce.js">
      <metrics statements="6" coveredstatements="6" conditionals="1" coveredconditionals="0" methods="4" coveredmethods="4"/>
      <line num="42" count="1" type="stmt"/>
      <line num="43" count="1" type="stmt"/>
      <line num="44" count="5" type="stmt"/>
      <line num="45" count="5" type="stmt"/>
      <line num="46" count="5" type="stmt"/>
      <line num="47" count="1" type="stmt"/>
    </file>
    <file name="deepCopy.js" path="D:\wz\web-road\fire-leaf-one\FL-utils\src\deepCopy.js">
      <metrics statements="14" coveredstatements="14" conditionals="8" coveredconditionals="7" methods="1" coveredmethods="1"/>
      <line num="9" count="13" type="cond" truecount="2" falsecount="0"/>
      <line num="10" count="2" type="stmt"/>
      <line num="11" count="2" type="stmt"/>
      <line num="12" count="4" type="stmt"/>
      <line num="14" count="2" type="stmt"/>
      <line num="16" count="11" type="cond" truecount="2" falsecount="0"/>
      <line num="17" count="1" type="stmt"/>
      <line num="19" count="10" type="cond" truecount="2" falsecount="0"/>
      <line num="20" count="3" type="stmt"/>
      <line num="21" count="3" type="stmt"/>
      <line num="22" count="6" type="cond" truecount="1" falsecount="1"/>
      <line num="23" count="6" type="stmt"/>
      <line num="26" count="3" type="stmt"/>
      <line num="28" count="7" type="stmt"/>
    </file>
    <file name="downloadLink.js" path="D:\wz\web-road\fire-leaf-one\FL-utils\src\downloadLink.js">
      <metrics statements="10" coveredstatements="2" conditionals="4" coveredconditionals="3" methods="1" coveredmethods="1"/>
      <line num="9" count="2" type="cond" truecount="2" falsecount="0"/>
      <line num="10" count="1" type="cond" truecount="1" falsecount="1"/>
      <line num="11" count="0" type="stmt"/>
      <line num="12" count="0" type="stmt"/>
      <line num="13" count="0" type="stmt"/>
      <line num="14" count="0" type="stmt"/>
      <line num="15" count="0" type="stmt"/>
      <line num="16" count="0" type="stmt"/>
      <line num="17" count="0" type="stmt"/>
      <line num="18" count="0" type="stmt"/>
    </file>
    <file name="drawLineArrow.js" path="D:\wz\web-road\fire-leaf-one\FL-utils\src\drawLineArrow.js">
      <metrics statements="14" coveredstatements="14" conditionals="0" coveredconditionals="0" methods="1" coveredmethods="1"/>
      <line num="2" count="2" type="stmt"/>
      <line num="4" count="1" type="stmt"/>
      <line num="5" count="1" type="stmt"/>
      <line num="6" count="1" type="stmt"/>
      <line num="7" count="1" type="stmt"/>
      <line num="9" count="1" type="stmt"/>
      <line num="11" count="1" type="stmt"/>
      <line num="12" count="1" type="stmt"/>
      <line num="14" count="1" type="stmt"/>
      <line num="16" count="1" type="stmt"/>
      <line num="19" count="1" type="stmt"/>
      <line num="20" count="1" type="stmt"/>
      <line num="24" count="1" type="stmt"/>
      <line num="26" count="1" type="stmt"/>
    </file>
    <file name="emptyObj.js" path="D:\wz\web-road\fire-leaf-one\FL-utils\src\emptyObj.js">
      <metrics statements="7" coveredstatements="7" conditionals="4" coveredconditionals="3" methods="1" coveredmethods="1"/>
      <line num="9" count="5" type="cond" truecount="2" falsecount="0"/>
      <line num="10" count="1" type="stmt"/>
      <line num="11" count="1" type="stmt"/>
      <line num="13" count="4" type="stmt"/>
      <line num="14" count="2" type="cond" truecount="1" falsecount="1"/>
      <line num="15" count="2" type="stmt"/>
      <line num="18" count="2" type="stmt"/>
    </file>
    <file name="filter.js" path="D:\wz\web-road\fire-leaf-one\FL-utils\src\filter.js">
      <metrics statements="18" coveredstatements="14" conditionals="8" coveredconditionals="6" methods="3" coveredmethods="3"/>
      <line num="15" count="3" type="stmt"/>
      <line num="16" count="3" type="cond" truecount="1" falsecount="1"/>
      <line num="17" count="0" type="stmt"/>
      <line num="18" count="0" type="stmt"/>
      <line num="20" count="3" type="cond" truecount="2" falsecount="0"/>
      <line num="21" count="4" type="stmt"/>
      <line num="22" count="2" type="cond" truecount="1" falsecount="1"/>
      <line num="23" count="2" type="stmt"/>
      <line num="24" count="12" type="stmt"/>
      <line num="26" count="2" type="stmt"/>
      <line num="27" count="2" type="stmt"/>
      <line num="28" count="6" type="stmt"/>
      <line num="29" count="6" type="cond" truecount="2" falsecount="0"/>
      <line num="30" count="1" type="stmt"/>
      <line num="32" count="6" type="stmt"/>
      <line num="35" count="0" type="stmt"/>
      <line num="36" count="0" type="stmt"/>
      <line num="39" count="3" type="stmt"/>
    </file>
    <file name="filterParams.js" path="D:\wz\web-road\fire-leaf-one\FL-utils\src\filterParams.js">
      <metrics statements="18" coveredstatements="18" conditionals="20" coveredconditionals="20" methods="2" coveredmethods="2"/>
      <line num="12" count="2" type="stmt"/>
      <line num="15" count="2" type="cond" truecount="2" falsecount="0"/>
      <line num="17" count="9" type="cond" truecount="2" falsecount="0"/>
      <line num="18" count="2" type="stmt"/>
      <line num="19" count="2" type="cond" truecount="2" falsecount="0"/>
      <line num="20" count="1" type="stmt"/>
      <line num="22" count="7" type="cond" truecount="2" falsecount="0"/>
      <line num="23" count="2" type="cond" truecount="2" falsecount="0"/>
      <line num="24" count="1" type="stmt"/>
      <line num="26" count="5" type="cond" truecount="2" falsecount="0"/>
      <line num="27" count="2" type="cond" truecount="2" falsecount="0"/>
      <line num="28" count="1" type="stmt"/>
      <line num="30" count="3" type="cond" truecount="2" falsecount="0"/>
      <line num="31" count="1" type="stmt"/>
      <line num="32" count="2" type="cond" truecount="4" falsecount="0"/>
      <line num="33" count="1" type="stmt"/>
      <line num="35" count="4" type="stmt"/>
      <line num="39" count="2" type="stmt"/>
    </file>
    <file name="filterTree.js" path="D:\wz\web-road\fire-leaf-one\FL-utils\src\filterTree.js">
      <metrics statements="8" coveredstatements="7" conditionals="5" coveredconditionals="3" methods="3" coveredmethods="3"/>
      <line num="11" count="3" type="cond" truecount="1" falsecount="1"/>
      <line num="12" count="0" type="stmt"/>
      <line num="14" count="4" type="stmt"/>
      <line num="15" count="3" type="stmt"/>
      <line num="16" count="3" type="stmt"/>
      <line num="17" count="3" type="cond" truecount="2" falsecount="0"/>
      <line num="18" count="3" type="stmt"/>
      <line num="20" count="3" type="stmt"/>
    </file>
    <file name="filterTreeFn.js" path="D:\wz\web-road\fire-leaf-one\FL-utils\src\filterTreeFn.js">
      <metrics statements="11" coveredstatements="11" conditionals="7" coveredconditionals="6" methods="2" coveredmethods="2"/>
      <line num="10" count="2" type="stmt"/>
      <line num="13" count="4" type="cond" truecount="2" falsecount="0"/>
      <line num="14" count="1" type="stmt"/>
      <line num="16" count="3" type="cond" truecount="1" falsecount="1"/>
      <line num="17" count="3" type="stmt"/>
      <line num="18" count="3" type="stmt"/>
      <line num="19" count="2" type="stmt"/>
      <line num="20" count="2" type="cond" truecount="2" falsecount="0"/>
      <line num="21" count="2" type="stmt"/>
      <line num="24" count="3" type="stmt"/>
      <line num="26" count="3" type="stmt"/>
    </file>
    <file name="formatDate.js" path="D:\wz\web-road\fire-leaf-one\FL-utils\src\formatDate.js">
      <metrics statements="7" coveredstatements="6" conditionals="7" coveredconditionals="5" methods="1" coveredmethods="1"/>
      <line num="19" count="2" type="cond" truecount="1" falsecount="0"/>
      <line num="20" count="3" type="cond" truecount="2" falsecount="0"/>
      <line num="21" count="2" type="stmt"/>
      <line num="22" count="2" type="cond" truecount="1" falsecount="1"/>
      <line num="23" count="0" type="stmt"/>
      <line num="25" count="2" type="stmt"/>
      <line num="26" count="2" type="cond" truecount="1" falsecount="1"/>
    </file>
    <file name="getIP.js" path="D:\wz\web-road\fire-leaf-one\FL-utils\src\getIP.js">
      <metrics statements="25" coveredstatements="5" conditionals="23" coveredconditionals="6" methods="7" coveredmethods="1"/>
      <line num="11" count="1" type="stmt"/>
      <line num="14" count="1" type="cond" truecount="3" falsecount="0"/>
      <line num="17" count="1" type="cond" truecount="1" falsecount="1"/>
      <line num="18" count="1" type="cond" truecount="2" falsecount="0"/>
      <line num="19" count="1" type="stmt"/>
      <line num="22" count="0" type="stmt"/>
      <line num="25" count="0" type="stmt"/>
      <line num="26" count="0" type="stmt"/>
      <line num="27" count="0" type="stmt"/>
      <line num="29" count="0" type="stmt"/>
      <line num="30" count="0" type="cond" truecount="0" falsecount="4"/>
      <line num="31" count="0" type="stmt"/>
      <line num="35" count="0" type="stmt"/>
      <line num="38" count="0" type="stmt"/>
      <line num="40" count="0" type="stmt"/>
      <line num="41" count="0" type="cond" truecount="0" falsecount="2"/>
      <line num="42" count="0" type="stmt"/>
      <line num="45" count="0" type="stmt"/>
      <line num="48" count="0" type="cond" truecount="0" falsecount="2"/>
      <line num="52" count="0" type="stmt"/>
      <line num="53" count="0" type="cond" truecount="0" falsecount="2"/>
      <line num="59" count="0" type="stmt"/>
      <line num="60" count="0" type="stmt"/>
      <line num="63" count="0" type="stmt"/>
      <line num="64" count="0" type="cond" truecount="0" falsecount="2"/>
    </file>
    <file name="getNodeByKeyValues.js" path="D:\wz\web-road\fire-leaf-one\FL-utils\src\getNodeByKeyValues.js">
      <metrics statements="13" coveredstatements="13" conditionals="16" coveredconditionals="14" methods="3" coveredmethods="3"/>
      <line num="17" count="2" type="stmt"/>
      <line num="25" count="2" type="cond" truecount="4" falsecount="0"/>
      <line num="26" count="1" type="stmt"/>
      <line num="27" count="1" type="stmt"/>
      <line num="30" count="1" type="stmt"/>
      <line num="31" count="1" type="stmt"/>
      <line num="32" count="2" type="stmt"/>
      <line num="33" count="3" type="cond" truecount="4" falsecount="0"/>
      <line num="34" count="2" type="stmt"/>
      <line num="36" count="3" type="cond" truecount="4" falsecount="0"/>
      <line num="37" count="1" type="stmt"/>
      <line num="42" count="1" type="stmt"/>
      <line num="44" count="1" type="stmt"/>
    </file>
    <file name="getValueByPath.js" path="D:\wz\web-road\fire-leaf-one\FL-utils\src\getValueByPath.js">
      <metrics statements="11" coveredstatements="11" conditionals="17" coveredconditionals="17" methods="2" coveredmethods="2"/>
      <line num="10" count="15" type="stmt"/>
      <line num="11" count="15" type="cond" truecount="2" falsecount="0"/>
      <line num="12" count="15" type="stmt"/>
      <line num="15" count="15" type="cond" truecount="2" falsecount="0"/>
      <line num="19" count="1" type="stmt"/>
      <line num="21" count="14" type="cond" truecount="4" falsecount="0"/>
      <line num="22" count="2" type="stmt"/>
      <line num="25" count="12" type="stmt"/>
      <line num="27" count="12" type="cond" truecount="4" falsecount="0"/>
      <line num="28" count="11" type="stmt"/>
      <line num="31" count="1" type="stmt"/>
    </file>
    <file name="hexToRgb.js" path="D:\wz\web-road\fire-leaf-one\FL-utils\src\hexToRgb.js">
      <metrics statements="7" coveredstatements="7" conditionals="3" coveredconditionals="3" methods="2" coveredmethods="2"/>
      <line num="9" count="2" type="stmt"/>
      <line num="11" count="2" type="stmt"/>
      <line num="13" count="2" type="cond" truecount="2" falsecount="0"/>
      <line num="15" count="1" type="stmt"/>
      <line num="18" count="2" type="stmt"/>
      <line num="19" count="6" type="stmt"/>
      <line num="22" count="2" type="stmt"/>
    </file>
    <file name="index.js" path="D:\wz\web-road\fire-leaf-one\FL-utils\src\index.js">
      <metrics statements="0" coveredstatements="0" conditionals="0" coveredconditionals="0" methods="0" coveredmethods="0"/>
    </file>
    <file name="isArray.js" path="D:\wz\web-road\fire-leaf-one\FL-utils\src\isArray.js">
      <metrics statements="4" coveredstatements="2" conditionals="2" coveredconditionals="1" methods="2" coveredmethods="1"/>
      <line num="18" count="48" type="cond" truecount="1" falsecount="1"/>
      <line num="19" count="0" type="stmt"/>
      <line num="20" count="0" type="stmt"/>
      <line num="23" count="48" type="stmt"/>
    </file>
    <file name="isEquivalentObj.js" path="D:\wz\web-road\fire-leaf-one\FL-utils\src\isEquivalentObj.js">
      <metrics statements="12" coveredstatements="10" conditionals="8" coveredconditionals="7" methods="1" coveredmethods="1"/>
      <line num="11" count="3" type="cond" truecount="3" falsecount="1"/>
      <line num="12" count="0" type="stmt"/>
      <line num="13" count="0" type="stmt"/>
      <line num="16" count="3" type="stmt"/>
      <line num="17" count="3" type="stmt"/>
      <line num="20" count="3" type="cond" truecount="2" falsecount="0"/>
      <line num="21" count="1" type="stmt"/>
      <line num="24" count="2" type="stmt"/>
      <line num="25" count="4" type="stmt"/>
      <line num="28" count="4" type="cond" truecount="2" falsecount="0"/>
      <line num="29" count="1" type="stmt"/>
      <line num="33" count="1" type="stmt"/>
    </file>
    <file name="isLength.js" path="D:\wz\web-road\fire-leaf-one\FL-utils\src\isLength.js">
      <metrics statements="2" coveredstatements="2" conditionals="4" coveredconditionals="4" methods="1" coveredmethods="1"/>
      <line num="17" count="2" type="stmt"/>
      <line num="20" count="3" type="stmt"/>
    </file>
    <file name="isNull.js" path="D:\wz\web-road\fire-leaf-one\FL-utils\src\isNull.js">
      <metrics statements="1" coveredstatements="1" conditionals="0" coveredconditionals="0" methods="1" coveredmethods="1"/>
      <line num="17" count="2" type="stmt"/>
    </file>
    <file name="isNumber.js" path="D:\wz\web-road\fire-leaf-one\FL-utils\src\isNumber.js">
      <metrics statements="0" coveredstatements="0" conditionals="0" coveredconditionals="0" methods="0" coveredmethods="0"/>
    </file>
    <file name="isObject.js" path="D:\wz\web-road\fire-leaf-one\FL-utils\src\isObject.js">
      <metrics statements="1" coveredstatements="1" conditionals="0" coveredconditionals="0" methods="1" coveredmethods="1"/>
      <line num="17" count="48" type="stmt"/>
    </file>
    <file name="isRepeatArray.js" path="D:\wz\web-road\fire-leaf-one\FL-utils\src\isRepeatArray.js">
      <metrics statements="8" coveredstatements="7" conditionals="8" coveredconditionals="5" methods="1" coveredmethods="1"/>
      <line num="11" count="2" type="cond" truecount="1" falsecount="1"/>
      <line num="12" count="2" type="stmt"/>
      <line num="13" count="2" type="stmt"/>
      <line num="14" count="5" type="cond" truecount="2" falsecount="0"/>
      <line num="15" count="2" type="cond" truecount="1" falsecount="1"/>
      <line num="17" count="3" type="stmt"/>
      <line num="20" count="2" type="stmt"/>
      <line num="22" count="0" type="stmt"/>
    </file>
    <file name="isString.js" path="D:\wz\web-road\fire-leaf-one\FL-utils\src\isString.js">
      <metrics statements="1" coveredstatements="1" conditionals="0" coveredconditionals="0" methods="1" coveredmethods="1"/>
      <line num="15" count="2" type="stmt"/>
    </file>
    <file name="isUndefined.js" path="D:\wz\web-road\fire-leaf-one\FL-utils\src\isUndefined.js">
      <metrics statements="1" coveredstatements="1" conditionals="0" coveredconditionals="0" methods="1" coveredmethods="1"/>
      <line num="17" count="2" type="stmt"/>
    </file>
    <file name="maxArrNum.js" path="D:\wz\web-road\fire-leaf-one\FL-utils\src\maxArrNum.js">
      <metrics statements="5" coveredstatements="5" conditionals="2" coveredconditionals="2" methods="2" coveredmethods="2"/>
      <line num="9" count="3" type="cond" truecount="2" falsecount="0"/>
      <line num="10" count="1" type="stmt"/>
      <line num="11" count="1" type="stmt"/>
      <line num="13" count="2" type="stmt"/>
      <line num="14" count="3" type="stmt"/>
    </file>
    <file name="minArrNum.js" path="D:\wz\web-road\fire-leaf-one\FL-utils\src\minArrNum.js">
      <metrics statements="5" coveredstatements="5" conditionals="2" coveredconditionals="2" methods="2" coveredmethods="2"/>
      <line num="9" count="3" type="cond" truecount="2" falsecount="0"/>
      <line num="10" count="1" type="stmt"/>
      <line num="11" count="1" type="stmt"/>
      <line num="13" count="2" type="stmt"/>
      <line num="14" count="3" type="stmt"/>
    </file>
    <file name="numpoints.js" path="D:\wz\web-road\fire-leaf-one\FL-utils\src\numpoints.js">
      <metrics statements="17" coveredstatements="14" conditionals="24" coveredconditionals="16" methods="1" coveredmethods="1"/>
      <line num="19" count="4" type="stmt"/>
      <line num="20" count="4" type="cond" truecount="3" falsecount="1"/>
      <line num="21" count="0" type="stmt"/>
      <line num="22" count="0" type="cond" truecount="0" falsecount="2"/>
      <line num="24" count="4" type="cond" truecount="3" falsecount="1"/>
      <line num="26" count="3" type="cond" truecount="2" falsecount="0"/>
      <line num="27" count="3" type="cond" truecount="1" falsecount="1"/>
      <line num="28" count="3" type="cond" truecount="1" falsecount="1"/>
      <line num="29" count="3" type="stmt"/>
      <line num="31" count="3" type="cond" truecount="2" falsecount="0"/>
      <line num="32" count="1" type="stmt"/>
      <line num="33" count="1" type="cond" truecount="1" falsecount="1"/>
      <line num="34" count="0" type="stmt"/>
      <line num="36" count="1" type="stmt"/>
      <line num="38" count="2" type="cond" truecount="2" falsecount="0"/>
      <line num="39" count="1" type="stmt"/>
      <line num="41" count="1" type="cond" truecount="1" falsecount="1"/>
    </file>
    <file name="paramToObj.js" path="D:\wz\web-road\fire-leaf-one\FL-utils\src\paramToObj.js">
      <metrics statements="5" coveredstatements="5" conditionals="2" coveredconditionals="2" methods="1" coveredmethods="1"/>
      <line num="7" count="2" type="stmt"/>
      <line num="10" count="2" type="stmt"/>
      <line num="11" count="2" type="cond" truecount="2" falsecount="0"/>
      <line num="12" count="1" type="stmt"/>
      <line num="14" count="1" type="stmt"/>
    </file>
    <file name="queryString.js" path="D:\wz\web-road\fire-leaf-one\FL-utils\src\queryString.js">
      <metrics statements="10" coveredstatements="9" conditionals="6" coveredconditionals="5" methods="2" coveredmethods="2"/>
      <line num="12" count="1" type="stmt"/>
      <line num="13" count="1" type="cond" truecount="1" falsecount="1"/>
      <line num="14" count="1" type="stmt"/>
      <line num="15" count="1" type="stmt"/>
      <line num="17" count="4" type="stmt"/>
      <line num="18" count="4" type="cond" truecount="4" falsecount="0"/>
      <line num="19" count="2" type="stmt"/>
      <line num="21" count="4" type="stmt"/>
      <line num="25" count="0" type="stmt"/>
      <line num="28" count="1" type="stmt"/>
    </file>
    <file name="randomColor.js" path="D:\wz\web-road\fire-leaf-one\FL-utils\src\randomColor.js">
      <metrics statements="11" coveredstatements="10" conditionals="8" coveredconditionals="6" methods="1" coveredmethods="1"/>
      <line num="8" count="3" type="cond" truecount="2" falsecount="0"/>
      <line num="9" count="1" type="stmt"/>
      <line num="10" count="1" type="stmt"/>
      <line num="11" count="1" type="stmt"/>
      <line num="12" count="1" type="stmt"/>
      <line num="14" count="2" type="cond" truecount="2" falsecount="0"/>
      <line num="15" count="1" type="stmt"/>
      <line num="20" count="1" type="cond" truecount="1" falsecount="1"/>
      <line num="21" count="1" type="stmt"/>
      <line num="22" count="1" type="stmt"/>
      <line num="25" count="0" type="stmt"/>
    </file>
    <file name="randomId.js" path="D:\wz\web-road\fire-leaf-one\FL-utils\src\randomId.js">
      <metrics statements="1" coveredstatements="1" conditionals="0" coveredconditionals="0" methods="1" coveredmethods="1"/>
      <line num="6" count="3" type="stmt"/>
    </file>
    <file name="rgbToHex.js" path="D:\wz\web-road\fire-leaf-one\FL-utils\src\rgbToHex.js">
      <metrics statements="5" coveredstatements="5" conditionals="0" coveredconditionals="0" methods="1" coveredmethods="1"/>
      <line num="9" count="2" type="stmt"/>
      <line num="10" count="2" type="stmt"/>
      <line num="12" count="2" type="stmt"/>
      <line num="16" count="6" type="stmt"/>
      <line num="18" count="2" type="stmt"/>
    </file>
    <file name="sortTree.js" path="D:\wz\web-road\fire-leaf-one\FL-utils\src\sortTree.js">
      <metrics statements="30" coveredstatements="26" conditionals="44" coveredconditionals="36" methods="2" coveredmethods="2"/>
      <line num="14" count="2" type="stmt"/>
      <line num="16" count="2" type="stmt"/>
      <line num="22" count="7" type="stmt"/>
      <line num="23" count="7" type="cond" truecount="4" falsecount="0"/>
      <line num="25" count="6" type="cond" truecount="2" falsecount="0"/>
      <line num="26" count="1" type="cond" truecount="3" falsecount="1"/>
      <line num="27" count="1" type="stmt"/>
      <line num="35" count="5" type="stmt"/>
      <line num="36" count="15" type="stmt"/>
      <line num="37" count="15" type="stmt"/>
      <line num="38" count="15" type="cond" truecount="4" falsecount="0"/>
      <line num="39" count="6" type="cond" truecount="2" falsecount="0"/>
      <line num="40" count="4" type="stmt"/>
      <line num="42" count="2" type="cond" truecount="1" falsecount="1"/>
      <line num="43" count="2" type="stmt"/>
      <line num="45" count="0" type="stmt"/>
      <line num="47" count="9" type="cond" truecount="4" falsecount="0"/>
      <line num="48" count="4" type="cond" truecount="4" falsecount="0"/>
      <line num="49" count="1" type="stmt"/>
      <line num="51" count="4" type="cond" truecount="4" falsecount="0"/>
      <line num="52" count="1" type="stmt"/>
      <line num="54" count="4" type="cond" truecount="1" falsecount="1"/>
      <line num="58" count="0" type="stmt"/>
      <line num="61" count="4" type="cond" truecount="1" falsecount="1"/>
      <line num="63" count="0" type="stmt"/>
      <line num="65" count="4" type="cond" truecount="1" falsecount="1"/>
      <line num="66" count="4" type="stmt"/>
      <line num="68" count="0" type="stmt"/>
      <line num="70" count="5" type="stmt"/>
      <line num="73" count="6" type="stmt"/>
    </file>
    <file name="throttle.js" path="D:\wz\web-road\fire-leaf-one\FL-utils\src\throttle.js">
      <metrics statements="7" coveredstatements="7" conditionals="3" coveredconditionals="2" methods="4" coveredmethods="4"/>
      <line num="73" count="1" type="stmt"/>
      <line num="74" count="3" type="stmt"/>
      <line num="75" count="3" type="stmt"/>
      <line num="76" count="3" type="cond" truecount="2" falsecount="0"/>
      <line num="77" count="1" type="stmt"/>
      <line num="78" count="1" type="stmt"/>
      <line num="79" count="1" type="stmt"/>
    </file>
    <file name="trim.js" path="D:\wz\web-road\fire-leaf-one\FL-utils\src\trim.js">
      <metrics statements="19" coveredstatements="19" conditionals="11" coveredconditionals="9" methods="1" coveredmethods="1"/>
      <line num="1" count="2" type="stmt"/>
      <line num="17" count="7" type="stmt"/>
      <line num="18" count="7" type="cond" truecount="1" falsecount="1"/>
      <line num="19" count="7" type="cond" truecount="2" falsecount="0"/>
      <line num="20" count="1" type="stmt"/>
      <line num="21" count="1" type="stmt"/>
      <line num="24" count="6" type="cond" truecount="5" falsecount="1"/>
      <line num="26" count="1" type="stmt"/>
      <line num="27" count="1" type="stmt"/>
      <line num="29" count="1" type="stmt"/>
      <line num="30" count="1" type="stmt"/>
      <line num="32" count="2" type="stmt"/>
      <line num="33" count="2" type="stmt"/>
      <line num="35" count="1" type="stmt"/>
      <line num="36" count="2" type="stmt"/>
      <line num="38" count="1" type="stmt"/>
      <line num="40" count="1" type="stmt"/>
      <line num="41" count="1" type="stmt"/>
      <line num="45" count="6" type="stmt"/>
    </file>
    <file name="unBindAntdForm.js" path="D:\wz\web-road\fire-leaf-one\FL-utils\src\unBindAntdForm.js">
      <metrics statements="8" coveredstatements="6" conditionals="3" coveredconditionals="1" methods="2" coveredmethods="2"/>
      <line num="11" count="1" type="cond" truecount="1" falsecount="1"/>
      <line num="12" count="0" type="stmt"/>
      <line num="13" count="0" type="stmt"/>
      <line num="15" count="1" type="stmt"/>
      <line num="16" count="1" type="stmt"/>
      <line num="18" count="1" type="stmt"/>
      <line num="19" count="2" type="stmt"/>
      <line num="21" count="1" type="stmt"/>
    </file>
    <file name="uniqueArray.js" path="D:\wz\web-road\fire-leaf-one\FL-utils\src\uniqueArray.js">
      <metrics statements="5" coveredstatements="4" conditionals="6" coveredconditionals="4" methods="1" coveredmethods="1"/>
      <line num="9" count="3" type="cond" truecount="1" falsecount="1"/>
      <line num="10" count="3" type="cond" truecount="2" falsecount="0"/>
      <line num="11" count="1" type="cond" truecount="1" falsecount="1"/>
      <line num="13" count="2" type="stmt"/>
      <line num="15" count="0" type="stmt"/>
    </file>
    <file name="useCompose.js" path="D:\wz\web-road\fire-leaf-one\FL-utils\src\useCompose.js">
      <metrics statements="11" coveredstatements="11" conditionals="13" coveredconditionals="12" methods="4" coveredmethods="4"/>
      <line num="22" count="4" type="cond" truecount="2" falsecount="0"/>
      <line num="23" count="4" type="cond" truecount="2" falsecount="0"/>
      <line num="25" count="4" type="stmt"/>
      <line num="26" count="12" type="cond" truecount="2" falsecount="0"/>
      <line num="27" count="8" type="stmt"/>
      <line num="28" count="8" type="stmt"/>
      <line num="29" count="8" type="cond" truecount="2" falsecount="0"/>
      <line num="32" count="4" type="stmt"/>
      <line num="33" count="4" type="stmt"/>
      <line num="34" count="4" type="cond" truecount="2" falsecount="0"/>
      <line num="38" count="4" type="stmt"/>
    </file>
    <file name="useCurry.js" path="D:\wz\web-road\fire-leaf-one\FL-utils\src\useCurry.js">
      <metrics statements="15" coveredstatements="15" conditionals="4" coveredconditionals="4" methods="3" coveredmethods="3"/>
      <line num="25" count="1" type="stmt"/>
      <line num="34" count="21" type="stmt"/>
      <line num="35" count="21" type="stmt"/>
      <line num="36" count="21" type="stmt"/>
      <line num="37" count="35" type="stmt"/>
      <line num="39" count="21" type="cond" truecount="2" falsecount="0"/>
      <line num="40" count="7" type="stmt"/>
      <line num="43" count="14" type="stmt"/>
      <line num="45" count="14" type="stmt"/>
      <line num="46" count="20" type="stmt"/>
      <line num="48" count="20" type="cond" truecount="2" falsecount="0"/>
      <line num="49" count="12" type="stmt"/>
      <line num="52" count="20" type="stmt"/>
      <line num="53" count="20" type="stmt"/>
      <line num="55" count="14" type="stmt"/>
    </file>
    <file name="usePartialHook.js" path="D:\wz\web-road\fire-leaf-one\FL-utils\src\usePartialHook.js">
      <metrics statements="3" coveredstatements="3" conditionals="4" coveredconditionals="3" methods="2" coveredmethods="2"/>
      <line num="14" count="2" type="stmt"/>
      <line num="15" count="2" type="cond" truecount="2" falsecount="0"/>
      <line num="16" count="2" type="stmt"/>
    </file>
  </project>
</coverage>
