{"D:\\wz\\web之路\\fire-leaf-one\\FL-utils\\src\\index.js": {"path":"D:\\wz\\web之路\\fire-leaf-one\\FL-utils\\src\\index.js","statementMap":{},"fnMap":{},"branchMap":{},"s":{},"f":{},"b":{},"_coverageSchema":"43e27e138ebf9cfc5966b082cf9a028302ed4184","hash":"6f02acabba9ad58e4469f20ce029c6bdabd69ab6"}
,"D:\\wz\\web之路\\fire-leaf-one\\FL-utils\\src\\ajax\\filterParams.js": {"path":"D:\\wz\\web之路\\fire-leaf-one\\FL-utils\\src\\ajax\\filterParams.js","statementMap":{"0":{"start":{"line":12,"column":29},"end":{"line":12,"column":31}},"1":{"start":{"line":15,"column":20},"end":{"line":39,"column":20}},"2":{"start":{"line":16,"column":4},"end":{"line":37,"column":5}},"3":{"start":{"line":17,"column":18},"end":{"line":17,"column":29}},"4":{"start":{"line":18,"column":6},"end":{"line":20,"column":7}},"5":{"start":{"line":19,"column":8},"end":{"line":19,"column":21}},"6":{"start":{"line":22,"column":9},"end":{"line":37,"column":5}},"7":{"start":{"line":23,"column":6},"end":{"line":25,"column":7}},"8":{"start":{"line":24,"column":8},"end":{"line":24,"column":21}},"9":{"start":{"line":27,"column":9},"end":{"line":37,"column":5}},"10":{"start":{"line":28,"column":6},"end":{"line":30,"column":7}},"11":{"start":{"line":29,"column":8},"end":{"line":29,"column":21}},"12":{"start":{"line":32,"column":9},"end":{"line":37,"column":5}},"13":{"start":{"line":33,"column":6},"end":{"line":33,"column":18}},"14":{"start":{"line":35,"column":9},"end":{"line":37,"column":5}},"15":{"start":{"line":36,"column":6},"end":{"line":36,"column":19}},"16":{"start":{"line":38,"column":4},"end":{"line":38,"column":16}},"17":{"start":{"line":41,"column":2},"end":{"line":41,"column":19}}},"fnMap":{"0":{"name":"filterParams","decl":{"start":{"line":14,"column":9},"end":{"line":14,"column":21}},"loc":{"start":{"line":14,"column":31},"end":{"line":42,"column":1}},"line":14},"1":{"name":"(anonymous_1)","decl":{"start":{"line":15,"column":44},"end":{"line":15,"column":45}},"loc":{"start":{"line":15,"column":52},"end":{"line":39,"column":3}},"line":15}},"branchMap":{"0":{"loc":{"start":{"line":15,"column":20},"end":{"line":39,"column":20}},"type":"cond-expr","locations":[{"start":{"line":15,"column":29},"end":{"line":39,"column":4}},{"start":{"line":39,"column":7},"end":{"line":39,"column":20}}],"line":15},"1":{"loc":{"start":{"line":16,"column":4},"end":{"line":37,"column":5}},"type":"if","locations":[{"start":{"line":16,"column":4},"end":{"line":37,"column":5}},{"start":{"line":16,"column":4},"end":{"line":37,"column":5}}],"line":16},"2":{"loc":{"start":{"line":18,"column":6},"end":{"line":20,"column":7}},"type":"if","locations":[{"start":{"line":18,"column":6},"end":{"line":20,"column":7}},{"start":{"line":18,"column":6},"end":{"line":20,"column":7}}],"line":18},"3":{"loc":{"start":{"line":22,"column":9},"end":{"line":37,"column":5}},"type":"if","locations":[{"start":{"line":22,"column":9},"end":{"line":37,"column":5}},{"start":{"line":22,"column":9},"end":{"line":37,"column":5}}],"line":22},"4":{"loc":{"start":{"line":23,"column":6},"end":{"line":25,"column":7}},"type":"if","locations":[{"start":{"line":23,"column":6},"end":{"line":25,"column":7}},{"start":{"line":23,"column":6},"end":{"line":25,"column":7}}],"line":23},"5":{"loc":{"start":{"line":27,"column":9},"end":{"line":37,"column":5}},"type":"if","locations":[{"start":{"line":27,"column":9},"end":{"line":37,"column":5}},{"start":{"line":27,"column":9},"end":{"line":37,"column":5}}],"line":27},"6":{"loc":{"start":{"line":28,"column":6},"end":{"line":30,"column":7}},"type":"if","locations":[{"start":{"line":28,"column":6},"end":{"line":30,"column":7}},{"start":{"line":28,"column":6},"end":{"line":30,"column":7}}],"line":28},"7":{"loc":{"start":{"line":32,"column":9},"end":{"line":37,"column":5}},"type":"if","locations":[{"start":{"line":32,"column":9},"end":{"line":37,"column":5}},{"start":{"line":32,"column":9},"end":{"line":37,"column":5}}],"line":32},"8":{"loc":{"start":{"line":35,"column":9},"end":{"line":37,"column":5}},"type":"if","locations":[{"start":{"line":35,"column":9},"end":{"line":37,"column":5}},{"start":{"line":35,"column":9},"end":{"line":37,"column":5}}],"line":35},"9":{"loc":{"start":{"line":35,"column":13},"end":{"line":35,"column":32}},"type":"binary-expr","locations":[{"start":{"line":35,"column":13},"end":{"line":35,"column":18}},{"start":{"line":35,"column":22},"end":{"line":35,"column":32}}],"line":35}},"s":{"0":2,"1":2,"2":9,"3":2,"4":2,"5":1,"6":7,"7":2,"8":1,"9":5,"10":2,"11":1,"12":3,"13":1,"14":2,"15":1,"16":4,"17":2},"f":{"0":2,"1":9},"b":{"0":[1,1],"1":[2,7],"2":[1,1],"3":[2,5],"4":[1,1],"5":[2,3],"6":[1,1],"7":[1,2],"8":[1,1],"9":[2,2]},"_coverageSchema":"43e27e138ebf9cfc5966b082cf9a028302ed4184","hash":"e804a739c2fee020c8d08f709f575e45e0d6e1aa"}
,"D:\\wz\\web之路\\fire-leaf-one\\FL-utils\\src\\ajax\\paramToObj.js": {"path":"D:\\wz\\web之路\\fire-leaf-one\\FL-utils\\src\\ajax\\paramToObj.js","statementMap":{"0":{"start":{"line":7,"column":29},"end":{"line":7,"column":31}},"1":{"start":{"line":10,"column":17},"end":{"line":10,"column":29}},"2":{"start":{"line":11,"column":2},"end":{"line":13,"column":3}},"3":{"start":{"line":12,"column":4},"end":{"line":12,"column":25}},"4":{"start":{"line":14,"column":2},"end":{"line":14,"column":125}}},"fnMap":{"0":{"name":"paramToObj","decl":{"start":{"line":9,"column":9},"end":{"line":9,"column":19}},"loc":{"start":{"line":9,"column":35},"end":{"line":15,"column":1}},"line":9}},"branchMap":{"0":{"loc":{"start":{"line":11,"column":2},"end":{"line":13,"column":3}},"type":"if","locations":[{"start":{"line":11,"column":2},"end":{"line":13,"column":3}},{"start":{"line":11,"column":2},"end":{"line":13,"column":3}}],"line":11}},"s":{"0":2,"1":2,"2":2,"3":1,"4":1},"f":{"0":2},"b":{"0":[1,1]},"_coverageSchema":"43e27e138ebf9cfc5966b082cf9a028302ed4184","hash":"aa07f11ba7243358e0869896c4bb332cf9d2cef0"}
,"D:\\wz\\web之路\\fire-leaf-one\\FL-utils\\src\\ajax\\queryString.js": {"path":"D:\\wz\\web之路\\fire-leaf-one\\FL-utils\\src\\ajax\\queryString.js","statementMap":{"0":{"start":{"line":12,"column":17},"end":{"line":12,"column":23}},"1":{"start":{"line":13,"column":2},"end":{"line":24,"column":3}},"2":{"start":{"line":14,"column":4},"end":{"line":14,"column":43}},"3":{"start":{"line":15,"column":4},"end":{"line":21,"column":17}},"4":{"start":{"line":16,"column":18},"end":{"line":16,"column":31}},"5":{"start":{"line":17,"column":6},"end":{"line":19,"column":7}},"6":{"start":{"line":18,"column":8},"end":{"line":18,"column":38}},"7":{"start":{"line":20,"column":6},"end":{"line":20,"column":71}},"8":{"start":{"line":23,"column":4},"end":{"line":23,"column":46}},"9":{"start":{"line":26,"column":2},"end":{"line":26,"column":18}}},"fnMap":{"0":{"name":"queryString","decl":{"start":{"line":11,"column":9},"end":{"line":11,"column":20}},"loc":{"start":{"line":11,"column":30},"end":{"line":27,"column":1}},"line":11},"1":{"name":"(anonymous_1)","decl":{"start":{"line":15,"column":41},"end":{"line":15,"column":42}},"loc":{"start":{"line":15,"column":48},"end":{"line":21,"column":5}},"line":15}},"branchMap":{"0":{"loc":{"start":{"line":13,"column":2},"end":{"line":24,"column":3}},"type":"if","locations":[{"start":{"line":13,"column":2},"end":{"line":24,"column":3}},{"start":{"line":13,"column":2},"end":{"line":24,"column":3}}],"line":13},"1":{"loc":{"start":{"line":17,"column":6},"end":{"line":19,"column":7}},"type":"if","locations":[{"start":{"line":17,"column":6},"end":{"line":19,"column":7}},{"start":{"line":17,"column":6},"end":{"line":19,"column":7}}],"line":17},"2":{"loc":{"start":{"line":17,"column":10},"end":{"line":17,"column":43}},"type":"binary-expr","locations":[{"start":{"line":17,"column":10},"end":{"line":17,"column":24}},{"start":{"line":17,"column":28},"end":{"line":17,"column":43}}],"line":17}},"s":{"0":1,"1":1,"2":1,"3":1,"4":4,"5":4,"6":2,"7":4,"8":0,"9":1},"f":{"0":1,"1":4},"b":{"0":[1,0],"1":[2,2],"2":[4,3]},"_coverageSchema":"43e27e138ebf9cfc5966b082cf9a028302ed4184","hash":"23b7e83dc3dc2f94dadb238a1c9f09abe7d3824e"}
,"D:\\wz\\web之路\\fire-leaf-one\\FL-utils\\src\\array\\isRepeatArray.js": {"path":"D:\\wz\\web之路\\fire-leaf-one\\FL-utils\\src\\array\\isRepeatArray.js","statementMap":{"0":{"start":{"line":11,"column":2},"end":{"line":23,"column":3}},"1":{"start":{"line":12,"column":16},"end":{"line":12,"column":18}},"2":{"start":{"line":13,"column":4},"end":{"line":19,"column":5}},"3":{"start":{"line":13,"column":18},"end":{"line":13,"column":19}},"4":{"start":{"line":13,"column":30},"end":{"line":13,"column":40}},"5":{"start":{"line":14,"column":6},"end":{"line":18,"column":7}},"6":{"start":{"line":15,"column":8},"end":{"line":15,"column":36}},"7":{"start":{"line":17,"column":8},"end":{"line":17,"column":24}},"8":{"start":{"line":20,"column":4},"end":{"line":20,"column":50}},"9":{"start":{"line":22,"column":4},"end":{"line":22,"column":51}}},"fnMap":{"0":{"name":"isRepeatArray","decl":{"start":{"line":10,"column":9},"end":{"line":10,"column":22}},"loc":{"start":{"line":10,"column":47},"end":{"line":24,"column":1}},"line":10}},"branchMap":{"0":{"loc":{"start":{"line":10,"column":24},"end":{"line":10,"column":32}},"type":"default-arg","locations":[{"start":{"line":10,"column":30},"end":{"line":10,"column":32}}],"line":10},"1":{"loc":{"start":{"line":10,"column":34},"end":{"line":10,"column":45}},"type":"default-arg","locations":[{"start":{"line":10,"column":40},"end":{"line":10,"column":45}}],"line":10},"2":{"loc":{"start":{"line":11,"column":2},"end":{"line":23,"column":3}},"type":"if","locations":[{"start":{"line":11,"column":2},"end":{"line":23,"column":3}},{"start":{"line":11,"column":2},"end":{"line":23,"column":3}}],"line":11},"3":{"loc":{"start":{"line":14,"column":6},"end":{"line":18,"column":7}},"type":"if","locations":[{"start":{"line":14,"column":6},"end":{"line":18,"column":7}},{"start":{"line":14,"column":6},"end":{"line":18,"column":7}}],"line":14},"4":{"loc":{"start":{"line":15,"column":13},"end":{"line":15,"column":29}},"type":"binary-expr","locations":[{"start":{"line":15,"column":13},"end":{"line":15,"column":24}},{"start":{"line":15,"column":28},"end":{"line":15,"column":29}}],"line":15}},"s":{"0":2,"1":2,"2":2,"3":2,"4":2,"5":5,"6":2,"7":3,"8":2,"9":0},"f":{"0":2},"b":{"0":[0],"1":[1],"2":[2,0],"3":[2,3],"4":[2,0]},"_coverageSchema":"43e27e138ebf9cfc5966b082cf9a028302ed4184","hash":"93089dae00a68980c696f701d2931e1940bcec03"}
,"D:\\wz\\web之路\\fire-leaf-one\\FL-utils\\src\\array\\maxArrNum.js": {"path":"D:\\wz\\web之路\\fire-leaf-one\\FL-utils\\src\\array\\maxArrNum.js","statementMap":{"0":{"start":{"line":8,"column":2},"end":{"line":11,"column":3}},"1":{"start":{"line":9,"column":4},"end":{"line":9,"column":40}},"2":{"start":{"line":10,"column":4},"end":{"line":10,"column":15}},"3":{"start":{"line":12,"column":2},"end":{"line":14,"column":5}},"4":{"start":{"line":13,"column":4},"end":{"line":13,"column":26}}},"fnMap":{"0":{"name":"maxArrNum","decl":{"start":{"line":7,"column":9},"end":{"line":7,"column":18}},"loc":{"start":{"line":7,"column":24},"end":{"line":15,"column":1}},"line":7},"1":{"name":"(anonymous_1)","decl":{"start":{"line":12,"column":20},"end":{"line":12,"column":21}},"loc":{"start":{"line":12,"column":30},"end":{"line":14,"column":3}},"line":12}},"branchMap":{"0":{"loc":{"start":{"line":8,"column":2},"end":{"line":11,"column":3}},"type":"if","locations":[{"start":{"line":8,"column":2},"end":{"line":11,"column":3}},{"start":{"line":8,"column":2},"end":{"line":11,"column":3}}],"line":8}},"s":{"0":3,"1":1,"2":1,"3":2,"4":3},"f":{"0":3,"1":3},"b":{"0":[1,2]},"_coverageSchema":"43e27e138ebf9cfc5966b082cf9a028302ed4184","hash":"54ab3f9bf2c06e5a67bc6a5b20fc49999cdf297f"}
,"D:\\wz\\web之路\\fire-leaf-one\\FL-utils\\src\\array\\minArrNum.js": {"path":"D:\\wz\\web之路\\fire-leaf-one\\FL-utils\\src\\array\\minArrNum.js","statementMap":{"0":{"start":{"line":8,"column":2},"end":{"line":11,"column":3}},"1":{"start":{"line":9,"column":4},"end":{"line":9,"column":40}},"2":{"start":{"line":10,"column":4},"end":{"line":10,"column":15}},"3":{"start":{"line":12,"column":2},"end":{"line":14,"column":5}},"4":{"start":{"line":13,"column":4},"end":{"line":13,"column":26}}},"fnMap":{"0":{"name":"minArrNum","decl":{"start":{"line":7,"column":9},"end":{"line":7,"column":18}},"loc":{"start":{"line":7,"column":24},"end":{"line":15,"column":1}},"line":7},"1":{"name":"(anonymous_1)","decl":{"start":{"line":12,"column":20},"end":{"line":12,"column":21}},"loc":{"start":{"line":12,"column":30},"end":{"line":14,"column":3}},"line":12}},"branchMap":{"0":{"loc":{"start":{"line":8,"column":2},"end":{"line":11,"column":3}},"type":"if","locations":[{"start":{"line":8,"column":2},"end":{"line":11,"column":3}},{"start":{"line":8,"column":2},"end":{"line":11,"column":3}}],"line":8}},"s":{"0":3,"1":1,"2":1,"3":2,"4":3},"f":{"0":3,"1":3},"b":{"0":[1,2]},"_coverageSchema":"43e27e138ebf9cfc5966b082cf9a028302ed4184","hash":"47ed0755a819ab6af9723b6b784555faf3562cbc"}
,"D:\\wz\\web之路\\fire-leaf-one\\FL-utils\\src\\array\\uniqueArray.js": {"path":"D:\\wz\\web之路\\fire-leaf-one\\FL-utils\\src\\array\\uniqueArray.js","statementMap":{"0":{"start":{"line":9,"column":2},"end":{"line":15,"column":3}},"1":{"start":{"line":10,"column":4},"end":{"line":14,"column":5}},"2":{"start":{"line":11,"column":6},"end":{"line":11,"column":44}},"3":{"start":{"line":13,"column":6},"end":{"line":13,"column":25}},"4":{"start":{"line":16,"column":2},"end":{"line":16,"column":12}}},"fnMap":{"0":{"name":"uniqueArray","decl":{"start":{"line":8,"column":9},"end":{"line":8,"column":20}},"loc":{"start":{"line":8,"column":31},"end":{"line":17,"column":1}},"line":8}},"branchMap":{"0":{"loc":{"start":{"line":9,"column":2},"end":{"line":15,"column":3}},"type":"if","locations":[{"start":{"line":9,"column":2},"end":{"line":15,"column":3}},{"start":{"line":9,"column":2},"end":{"line":15,"column":3}}],"line":9},"1":{"loc":{"start":{"line":10,"column":4},"end":{"line":14,"column":5}},"type":"if","locations":[{"start":{"line":10,"column":4},"end":{"line":14,"column":5}},{"start":{"line":10,"column":4},"end":{"line":14,"column":5}}],"line":10},"2":{"loc":{"start":{"line":11,"column":13},"end":{"line":11,"column":43}},"type":"cond-expr","locations":[{"start":{"line":11,"column":19},"end":{"line":11,"column":37}},{"start":{"line":11,"column":40},"end":{"line":11,"column":43}}],"line":11}},"s":{"0":3,"1":3,"2":1,"3":2,"4":0},"f":{"0":3},"b":{"0":[3,0],"1":[1,2],"2":[1,0]},"_coverageSchema":"43e27e138ebf9cfc5966b082cf9a028302ed4184","hash":"a240573e94d199e07617d30a34c65eeb405a7c88"}
,"D:\\wz\\web之路\\fire-leaf-one\\FL-utils\\src\\basic\\beNaN.js": {"path":"D:\\wz\\web之路\\fire-leaf-one\\FL-utils\\src\\basic\\beNaN.js","statementMap":{"0":{"start":{"line":22,"column":2},"end":{"line":22,"column":44}}},"fnMap":{"0":{"name":"beNaN","decl":{"start":{"line":21,"column":9},"end":{"line":21,"column":14}},"loc":{"start":{"line":21,"column":22},"end":{"line":23,"column":1}},"line":21}},"branchMap":{"0":{"loc":{"start":{"line":22,"column":9},"end":{"line":22,"column":43}},"type":"binary-expr","locations":[{"start":{"line":22,"column":9},"end":{"line":22,"column":24}},{"start":{"line":22,"column":28},"end":{"line":22,"column":43}}],"line":22}},"s":{"0":6},"f":{"0":6},"b":{"0":[6,5]},"_coverageSchema":"43e27e138ebf9cfc5966b082cf9a028302ed4184","hash":"ef9fd60405b49253f4f5118600860c5b9e07795a"}
,"D:\\wz\\web之路\\fire-leaf-one\\FL-utils\\src\\basic\\isArray.js": {"path":"D:\\wz\\web之路\\fire-leaf-one\\FL-utils\\src\\basic\\isArray.js","statementMap":{"0":{"start":{"line":18,"column":2},"end":{"line":22,"column":3}},"1":{"start":{"line":19,"column":4},"end":{"line":21,"column":6}},"2":{"start":{"line":20,"column":6},"end":{"line":20,"column":70}},"3":{"start":{"line":23,"column":2},"end":{"line":23,"column":28}}},"fnMap":{"0":{"name":"isArray","decl":{"start":{"line":17,"column":9},"end":{"line":17,"column":16}},"loc":{"start":{"line":17,"column":23},"end":{"line":24,"column":1}},"line":17},"1":{"name":"(anonymous_1)","decl":{"start":{"line":19,"column":20},"end":{"line":19,"column":21}},"loc":{"start":{"line":19,"column":34},"end":{"line":21,"column":5}},"line":19}},"branchMap":{"0":{"loc":{"start":{"line":18,"column":2},"end":{"line":22,"column":3}},"type":"if","locations":[{"start":{"line":18,"column":2},"end":{"line":22,"column":3}},{"start":{"line":18,"column":2},"end":{"line":22,"column":3}}],"line":18}},"s":{"0":45,"1":0,"2":0,"3":45},"f":{"0":45,"1":0},"b":{"0":[0,45]},"_coverageSchema":"43e27e138ebf9cfc5966b082cf9a028302ed4184","hash":"ca6658f16b52f8af9c4272d0c72dfa073720b8af"}
,"D:\\wz\\web之路\\fire-leaf-one\\FL-utils\\src\\basic\\isLength.js": {"path":"D:\\wz\\web之路\\fire-leaf-one\\FL-utils\\src\\basic\\isLength.js","statementMap":{"0":{"start":{"line":17,"column":23},"end":{"line":17,"column":46}},"1":{"start":{"line":20,"column":2},"end":{"line":21,"column":62}}},"fnMap":{"0":{"name":"isLength","decl":{"start":{"line":19,"column":9},"end":{"line":19,"column":17}},"loc":{"start":{"line":19,"column":25},"end":{"line":22,"column":1}},"line":19}},"branchMap":{"0":{"loc":{"start":{"line":20,"column":9},"end":{"line":21,"column":61}},"type":"binary-expr","locations":[{"start":{"line":20,"column":9},"end":{"line":20,"column":33}},{"start":{"line":21,"column":4},"end":{"line":21,"column":14}},{"start":{"line":21,"column":18},"end":{"line":21,"column":32}},{"start":{"line":21,"column":36},"end":{"line":21,"column":61}}],"line":20}},"s":{"0":2,"1":3},"f":{"0":3},"b":{"0":[3,2,2,1]},"_coverageSchema":"43e27e138ebf9cfc5966b082cf9a028302ed4184","hash":"35192a92ee25ad9936782a7cea260b0db08c82d7"}
,"D:\\wz\\web之路\\fire-leaf-one\\FL-utils\\src\\basic\\isNull.js": {"path":"D:\\wz\\web之路\\fire-leaf-one\\FL-utils\\src\\basic\\isNull.js","statementMap":{"0":{"start":{"line":17,"column":2},"end":{"line":17,"column":24}}},"fnMap":{"0":{"name":"isNull","decl":{"start":{"line":16,"column":9},"end":{"line":16,"column":15}},"loc":{"start":{"line":16,"column":23},"end":{"line":18,"column":1}},"line":16}},"branchMap":{},"s":{"0":2},"f":{"0":2},"b":{},"_coverageSchema":"43e27e138ebf9cfc5966b082cf9a028302ed4184","hash":"1f97e7b62a95ab4f478c5fbcd6265a5ceff8de8e"}
,"D:\\wz\\web之路\\fire-leaf-one\\FL-utils\\src\\basic\\isNumber.js": {"path":"D:\\wz\\web之路\\fire-leaf-one\\FL-utils\\src\\basic\\isNumber.js","statementMap":{"0":{"start":{"line":7,"column":15},"end":{"line":7,"column":25}}},"fnMap":{},"branchMap":{},"s":{"0":5},"f":{},"b":{},"_coverageSchema":"43e27e138ebf9cfc5966b082cf9a028302ed4184","hash":"e4bdeb254ccd2093d3a43f86bb85e48015a8c2f6"}
,"D:\\wz\\web之路\\fire-leaf-one\\FL-utils\\src\\basic\\isObject.js": {"path":"D:\\wz\\web之路\\fire-leaf-one\\FL-utils\\src\\basic\\isObject.js","statementMap":{"0":{"start":{"line":17,"column":2},"end":{"line":17,"column":69}}},"fnMap":{"0":{"name":"isObject","decl":{"start":{"line":16,"column":9},"end":{"line":16,"column":17}},"loc":{"start":{"line":16,"column":25},"end":{"line":18,"column":1}},"line":16}},"branchMap":{},"s":{"0":42},"f":{"0":42},"b":{},"_coverageSchema":"43e27e138ebf9cfc5966b082cf9a028302ed4184","hash":"978d7cb51ff6eda36fbbe26edd20bac1b9379865"}
,"D:\\wz\\web之路\\fire-leaf-one\\FL-utils\\src\\basic\\isString.js": {"path":"D:\\wz\\web之路\\fire-leaf-one\\FL-utils\\src\\basic\\isString.js","statementMap":{"0":{"start":{"line":15,"column":2},"end":{"line":15,"column":34}}},"fnMap":{"0":{"name":"isString","decl":{"start":{"line":14,"column":9},"end":{"line":14,"column":17}},"loc":{"start":{"line":14,"column":25},"end":{"line":16,"column":1}},"line":14}},"branchMap":{},"s":{"0":2},"f":{"0":2},"b":{},"_coverageSchema":"43e27e138ebf9cfc5966b082cf9a028302ed4184","hash":"92aeeff49c1ef0f3b5bdb85c7be0976bfd30bea6"}
,"D:\\wz\\web之路\\fire-leaf-one\\FL-utils\\src\\basic\\isUndefined.js": {"path":"D:\\wz\\web之路\\fire-leaf-one\\FL-utils\\src\\basic\\isUndefined.js","statementMap":{"0":{"start":{"line":17,"column":2},"end":{"line":17,"column":29}}},"fnMap":{"0":{"name":"isUndefined","decl":{"start":{"line":16,"column":9},"end":{"line":16,"column":20}},"loc":{"start":{"line":16,"column":28},"end":{"line":18,"column":1}},"line":16}},"branchMap":{},"s":{"0":2},"f":{"0":2},"b":{},"_coverageSchema":"43e27e138ebf9cfc5966b082cf9a028302ed4184","hash":"93651ac8953bcadcffa9818ddd5ef30ab1d8e076"}
,"D:\\wz\\web之路\\fire-leaf-one\\FL-utils\\src\\collection\\arrayToTree.js": {"path":"D:\\wz\\web之路\\fire-leaf-one\\FL-utils\\src\\collection\\arrayToTree.js","statementMap":{"0":{"start":{"line":11,"column":2},"end":{"line":13,"column":3}},"1":{"start":{"line":12,"column":4},"end":{"line":12,"column":50}},"2":{"start":{"line":14,"column":15},"end":{"line":14,"column":29}},"3":{"start":{"line":15,"column":17},"end":{"line":15,"column":19}},"4":{"start":{"line":16,"column":15},"end":{"line":16,"column":17}},"5":{"start":{"line":17,"column":2},"end":{"line":19,"column":5}},"6":{"start":{"line":18,"column":4},"end":{"line":18,"column":33}},"7":{"start":{"line":21,"column":2},"end":{"line":29,"column":5}},"8":{"start":{"line":22,"column":19},"end":{"line":22,"column":34}},"9":{"start":{"line":23,"column":4},"end":{"line":28,"column":5}},"10":{"start":{"line":24,"column":6},"end":{"line":24,"column":51}},"11":{"start":{"line":25,"column":6},"end":{"line":25,"column":34}},"12":{"start":{"line":27,"column":6},"end":{"line":27,"column":24}},"13":{"start":{"line":30,"column":2},"end":{"line":30,"column":16}}},"fnMap":{"0":{"name":"arrayToTree","decl":{"start":{"line":10,"column":9},"end":{"line":10,"column":20}},"loc":{"start":{"line":10,"column":67},"end":{"line":31,"column":1}},"line":10},"1":{"name":"(anonymous_1)","decl":{"start":{"line":17,"column":15},"end":{"line":17,"column":16}},"loc":{"start":{"line":17,"column":32},"end":{"line":19,"column":3}},"line":17},"2":{"name":"(anonymous_2)","decl":{"start":{"line":21,"column":15},"end":{"line":21,"column":16}},"loc":{"start":{"line":21,"column":25},"end":{"line":29,"column":3}},"line":21}},"branchMap":{"0":{"loc":{"start":{"line":10,"column":26},"end":{"line":10,"column":33}},"type":"default-arg","locations":[{"start":{"line":10,"column":29},"end":{"line":10,"column":33}}],"line":10},"1":{"loc":{"start":{"line":10,"column":35},"end":{"line":10,"column":44}},"type":"default-arg","locations":[{"start":{"line":10,"column":39},"end":{"line":10,"column":44}}],"line":10},"2":{"loc":{"start":{"line":10,"column":46},"end":{"line":10,"column":65}},"type":"default-arg","locations":[{"start":{"line":10,"column":55},"end":{"line":10,"column":65}}],"line":10},"3":{"loc":{"start":{"line":11,"column":2},"end":{"line":13,"column":3}},"type":"if","locations":[{"start":{"line":11,"column":2},"end":{"line":13,"column":3}},{"start":{"line":11,"column":2},"end":{"line":13,"column":3}}],"line":11},"4":{"loc":{"start":{"line":23,"column":4},"end":{"line":28,"column":5}},"type":"if","locations":[{"start":{"line":23,"column":4},"end":{"line":28,"column":5}},{"start":{"line":23,"column":4},"end":{"line":28,"column":5}}],"line":23},"5":{"loc":{"start":{"line":24,"column":6},"end":{"line":24,"column":50}},"type":"binary-expr","locations":[{"start":{"line":24,"column":6},"end":{"line":24,"column":23}},{"start":{"line":24,"column":28},"end":{"line":24,"column":49}}],"line":24}},"s":{"0":1,"1":0,"2":1,"3":1,"4":1,"5":1,"6":4,"7":1,"8":4,"9":4,"10":3,"11":3,"12":1,"13":1},"f":{"0":1,"1":4,"2":4},"b":{"0":[0],"1":[0],"2":[1],"3":[0,1],"4":[3,1],"5":[3,2]},"_coverageSchema":"43e27e138ebf9cfc5966b082cf9a028302ed4184","hash":"d32a7fb07cb5766b94b5ecb245a83dfe2b88e313"}
,"D:\\wz\\web之路\\fire-leaf-one\\FL-utils\\src\\collection\\arrayTreeCallBack.js": {"path":"D:\\wz\\web之路\\fire-leaf-one\\FL-utils\\src\\collection\\arrayTreeCallBack.js","statementMap":{"0":{"start":{"line":11,"column":2},"end":{"line":13,"column":3}},"1":{"start":{"line":12,"column":4},"end":{"line":12,"column":50}},"2":{"start":{"line":14,"column":2},"end":{"line":14,"column":35}},"3":{"start":{"line":14,"column":25},"end":{"line":14,"column":35}},"4":{"start":{"line":16,"column":2},"end":{"line":16,"column":26}},"5":{"start":{"line":17,"column":2},"end":{"line":17,"column":66}},"6":{"start":{"line":20,"column":4},"end":{"line":28,"column":7}},"7":{"start":{"line":21,"column":6},"end":{"line":21,"column":33}},"8":{"start":{"line":22,"column":6},"end":{"line":25,"column":7}},"9":{"start":{"line":23,"column":25},"end":{"line":23,"column":54}},"10":{"start":{"line":24,"column":8},"end":{"line":24,"column":64}},"11":{"start":{"line":27,"column":6},"end":{"line":27,"column":18}},"12":{"start":{"line":31,"column":2},"end":{"line":31,"column":28}}},"fnMap":{"0":{"name":"arrayTreeCallBack","decl":{"start":{"line":10,"column":9},"end":{"line":10,"column":26}},"loc":{"start":{"line":10,"column":52},"end":{"line":32,"column":1}},"line":10},"1":{"name":"treeMap","decl":{"start":{"line":19,"column":11},"end":{"line":19,"column":18}},"loc":{"start":{"line":19,"column":34},"end":{"line":29,"column":3}},"line":19},"2":{"name":"(anonymous_2)","decl":{"start":{"line":20,"column":20},"end":{"line":20,"column":21}},"loc":{"start":{"line":20,"column":33},"end":{"line":28,"column":5}},"line":20}},"branchMap":{"0":{"loc":{"start":{"line":11,"column":2},"end":{"line":13,"column":3}},"type":"if","locations":[{"start":{"line":11,"column":2},"end":{"line":13,"column":3}},{"start":{"line":11,"column":2},"end":{"line":13,"column":3}}],"line":11},"1":{"loc":{"start":{"line":14,"column":2},"end":{"line":14,"column":35}},"type":"if","locations":[{"start":{"line":14,"column":2},"end":{"line":14,"column":35}},{"start":{"line":14,"column":2},"end":{"line":14,"column":35}}],"line":14},"2":{"loc":{"start":{"line":16,"column":12},"end":{"line":16,"column":25}},"type":"binary-expr","locations":[{"start":{"line":16,"column":12},"end":{"line":16,"column":19}},{"start":{"line":16,"column":23},"end":{"line":16,"column":25}}],"line":16},"3":{"loc":{"start":{"line":17,"column":28},"end":{"line":17,"column":65}},"type":"binary-expr","locations":[{"start":{"line":17,"column":28},"end":{"line":17,"column":51}},{"start":{"line":17,"column":55},"end":{"line":17,"column":65}}],"line":17},"4":{"loc":{"start":{"line":22,"column":6},"end":{"line":25,"column":7}},"type":"if","locations":[{"start":{"line":22,"column":6},"end":{"line":25,"column":7}},{"start":{"line":22,"column":6},"end":{"line":25,"column":7}}],"line":22},"5":{"loc":{"start":{"line":22,"column":9},"end":{"line":22,"column":78}},"type":"binary-expr","locations":[{"start":{"line":22,"column":9},"end":{"line":22,"column":38}},{"start":{"line":22,"column":42},"end":{"line":22,"column":78}}],"line":22}},"s":{"0":1,"1":0,"2":1,"3":0,"4":1,"5":1,"6":3,"7":4,"8":4,"9":2,"10":2,"11":4,"12":1},"f":{"0":1,"1":3,"2":4},"b":{"0":[0,1],"1":[0,1],"2":[1,1],"3":[1,1],"4":[2,2],"5":[4,2]},"_coverageSchema":"43e27e138ebf9cfc5966b082cf9a028302ed4184","hash":"1c83e04ab898c4a8a24daa9d112ceb8d1d58f4d9"}
,"D:\\wz\\web之路\\fire-leaf-one\\FL-utils\\src\\collection\\deepCopy.js": {"path":"D:\\wz\\web之路\\fire-leaf-one\\FL-utils\\src\\collection\\deepCopy.js","statementMap":{"0":{"start":{"line":8,"column":2},"end":{"line":25,"column":3}},"1":{"start":{"line":9,"column":14},"end":{"line":9,"column":16}},"2":{"start":{"line":10,"column":4},"end":{"line":12,"column":5}},"3":{"start":{"line":10,"column":17},"end":{"line":10,"column":18}},"4":{"start":{"line":11,"column":6},"end":{"line":11,"column":28}},"5":{"start":{"line":13,"column":4},"end":{"line":13,"column":13}},"6":{"start":{"line":14,"column":9},"end":{"line":25,"column":3}},"7":{"start":{"line":15,"column":4},"end":{"line":15,"column":13}},"8":{"start":{"line":16,"column":9},"end":{"line":25,"column":3}},"9":{"start":{"line":17,"column":14},"end":{"line":17,"column":16}},"10":{"start":{"line":19,"column":4},"end":{"line":21,"column":5}},"11":{"start":{"line":20,"column":6},"end":{"line":20,"column":28}},"12":{"start":{"line":22,"column":4},"end":{"line":22,"column":13}},"13":{"start":{"line":24,"column":4},"end":{"line":24,"column":13}}},"fnMap":{"0":{"name":"deepCopy","decl":{"start":{"line":7,"column":9},"end":{"line":7,"column":17}},"loc":{"start":{"line":7,"column":22},"end":{"line":26,"column":1}},"line":7}},"branchMap":{"0":{"loc":{"start":{"line":8,"column":2},"end":{"line":25,"column":3}},"type":"if","locations":[{"start":{"line":8,"column":2},"end":{"line":25,"column":3}},{"start":{"line":8,"column":2},"end":{"line":25,"column":3}}],"line":8},"1":{"loc":{"start":{"line":14,"column":9},"end":{"line":25,"column":3}},"type":"if","locations":[{"start":{"line":14,"column":9},"end":{"line":25,"column":3}},{"start":{"line":14,"column":9},"end":{"line":25,"column":3}}],"line":14},"2":{"loc":{"start":{"line":16,"column":9},"end":{"line":25,"column":3}},"type":"if","locations":[{"start":{"line":16,"column":9},"end":{"line":25,"column":3}},{"start":{"line":16,"column":9},"end":{"line":25,"column":3}}],"line":16}},"s":{"0":13,"1":2,"2":2,"3":2,"4":4,"5":2,"6":11,"7":1,"8":10,"9":3,"10":3,"11":6,"12":3,"13":7},"f":{"0":13},"b":{"0":[2,11],"1":[1,10],"2":[3,7]},"_coverageSchema":"43e27e138ebf9cfc5966b082cf9a028302ed4184","hash":"90ee24d2575f3e72fbd91a9e524b5e5a1c867a5e"}
,"D:\\wz\\web之路\\fire-leaf-one\\FL-utils\\src\\collection\\filter.js": {"path":"D:\\wz\\web之路\\fire-leaf-one\\FL-utils\\src\\collection\\filter.js","statementMap":{"0":{"start":{"line":15,"column":15},"end":{"line":15,"column":19}},"1":{"start":{"line":16,"column":2},"end":{"line":18,"column":3}},"2":{"start":{"line":17,"column":4},"end":{"line":17,"column":58}},"3":{"start":{"line":19,"column":2},"end":{"line":35,"column":3}},"4":{"start":{"line":20,"column":4},"end":{"line":20,"column":59}},"5":{"start":{"line":20,"column":44},"end":{"line":20,"column":57}},"6":{"start":{"line":21,"column":9},"end":{"line":35,"column":3}},"7":{"start":{"line":22,"column":20},"end":{"line":22,"column":43}},"8":{"start":{"line":23,"column":23},"end":{"line":23,"column":72}},"9":{"start":{"line":23,"column":45},"end":{"line":23,"column":71}},"10":{"start":{"line":25,"column":4},"end":{"line":25,"column":16}},"11":{"start":{"line":26,"column":4},"end":{"line":32,"column":5}},"12":{"start":{"line":27,"column":19},"end":{"line":27,"column":34}},"13":{"start":{"line":28,"column":6},"end":{"line":30,"column":7}},"14":{"start":{"line":29,"column":8},"end":{"line":29,"column":31}},"15":{"start":{"line":31,"column":6},"end":{"line":31,"column":27}},"16":{"start":{"line":34,"column":4},"end":{"line":34,"column":55}},"17":{"start":{"line":37,"column":2},"end":{"line":37,"column":16}}},"fnMap":{"0":{"name":"filter","decl":{"start":{"line":14,"column":9},"end":{"line":14,"column":15}},"loc":{"start":{"line":14,"column":35},"end":{"line":38,"column":1}},"line":14},"1":{"name":"(anonymous_1)","decl":{"start":{"line":20,"column":31},"end":{"line":20,"column":32}},"loc":{"start":{"line":20,"column":44},"end":{"line":20,"column":57}},"line":20},"2":{"name":"(anonymous_2)","decl":{"start":{"line":23,"column":38},"end":{"line":23,"column":39}},"loc":{"start":{"line":23,"column":45},"end":{"line":23,"column":71}},"line":23}},"branchMap":{"0":{"loc":{"start":{"line":16,"column":2},"end":{"line":18,"column":3}},"type":"if","locations":[{"start":{"line":16,"column":2},"end":{"line":18,"column":3}},{"start":{"line":16,"column":2},"end":{"line":18,"column":3}}],"line":16},"1":{"loc":{"start":{"line":19,"column":2},"end":{"line":35,"column":3}},"type":"if","locations":[{"start":{"line":19,"column":2},"end":{"line":35,"column":3}},{"start":{"line":19,"column":2},"end":{"line":35,"column":3}}],"line":19},"2":{"loc":{"start":{"line":21,"column":9},"end":{"line":35,"column":3}},"type":"if","locations":[{"start":{"line":21,"column":9},"end":{"line":35,"column":3}},{"start":{"line":21,"column":9},"end":{"line":35,"column":3}}],"line":21},"3":{"loc":{"start":{"line":28,"column":6},"end":{"line":30,"column":7}},"type":"if","locations":[{"start":{"line":28,"column":6},"end":{"line":30,"column":7}},{"start":{"line":28,"column":6},"end":{"line":30,"column":7}}],"line":28}},"s":{"0":3,"1":3,"2":0,"3":3,"4":1,"5":4,"6":2,"7":2,"8":2,"9":12,"10":2,"11":2,"12":6,"13":6,"14":1,"15":6,"16":0,"17":3},"f":{"0":3,"1":4,"2":12},"b":{"0":[0,3],"1":[1,2],"2":[2,0],"3":[1,5]},"_coverageSchema":"43e27e138ebf9cfc5966b082cf9a028302ed4184","hash":"0b3711fc94f7e252a40da3f5b560eb72142ac4fa"}
,"D:\\wz\\web之路\\fire-leaf-one\\FL-utils\\src\\collection\\filterTree.js": {"path":"D:\\wz\\web之路\\fire-leaf-one\\FL-utils\\src\\collection\\filterTree.js","statementMap":{"0":{"start":{"line":11,"column":2},"end":{"line":13,"column":3}},"1":{"start":{"line":12,"column":4},"end":{"line":12,"column":50}},"2":{"start":{"line":14,"column":16},"end":{"line":14,"column":47}},"3":{"start":{"line":14,"column":33},"end":{"line":14,"column":46}},"4":{"start":{"line":15,"column":2},"end":{"line":15,"column":85}},"5":{"start":{"line":15,"column":23},"end":{"line":15,"column":83}},"6":{"start":{"line":16,"column":2},"end":{"line":16,"column":17}}},"fnMap":{"0":{"name":"filterTree","decl":{"start":{"line":10,"column":9},"end":{"line":10,"column":19}},"loc":{"start":{"line":10,"column":43},"end":{"line":17,"column":1}},"line":10},"1":{"name":"(anonymous_1)","decl":{"start":{"line":14,"column":28},"end":{"line":14,"column":29}},"loc":{"start":{"line":14,"column":33},"end":{"line":14,"column":46}},"line":14},"2":{"name":"(anonymous_2)","decl":{"start":{"line":15,"column":18},"end":{"line":15,"column":19}},"loc":{"start":{"line":15,"column":23},"end":{"line":15,"column":83}},"line":15}},"branchMap":{"0":{"loc":{"start":{"line":10,"column":31},"end":{"line":10,"column":41}},"type":"default-arg","locations":[{"start":{"line":10,"column":37},"end":{"line":10,"column":41}}],"line":10},"1":{"loc":{"start":{"line":11,"column":2},"end":{"line":13,"column":3}},"type":"if","locations":[{"start":{"line":11,"column":2},"end":{"line":13,"column":3}},{"start":{"line":11,"column":2},"end":{"line":13,"column":3}}],"line":11},"2":{"loc":{"start":{"line":15,"column":23},"end":{"line":15,"column":83}},"type":"binary-expr","locations":[{"start":{"line":15,"column":23},"end":{"line":15,"column":33}},{"start":{"line":15,"column":38},"end":{"line":15,"column":82}}],"line":15}},"s":{"0":3,"1":0,"2":3,"3":4,"4":3,"5":3,"6":3},"f":{"0":3,"1":4,"2":3},"b":{"0":[0],"1":[0,3],"2":[3,2]},"_coverageSchema":"43e27e138ebf9cfc5966b082cf9a028302ed4184","hash":"efcfddeb9979b6f388d8dcbf87d2ec6982b95030"}
,"D:\\wz\\web之路\\fire-leaf-one\\FL-utils\\src\\collection\\filterTreeFn.js": {"path":"D:\\wz\\web之路\\fire-leaf-one\\FL-utils\\src\\collection\\filterTreeFn.js","statementMap":{"0":{"start":{"line":10,"column":29},"end":{"line":10,"column":31}},"1":{"start":{"line":13,"column":2},"end":{"line":15,"column":3}},"2":{"start":{"line":14,"column":4},"end":{"line":14,"column":25}},"3":{"start":{"line":16,"column":2},"end":{"line":16,"column":41}},"4":{"start":{"line":16,"column":20},"end":{"line":16,"column":41}},"5":{"start":{"line":17,"column":16},"end":{"line":17,"column":31}},"6":{"start":{"line":18,"column":2},"end":{"line":18,"column":94}},"7":{"start":{"line":18,"column":23},"end":{"line":18,"column":92}},"8":{"start":{"line":20,"column":19},"end":{"line":20,"column":37}},"9":{"start":{"line":22,"column":2},"end":{"line":22,"column":20}}},"fnMap":{"0":{"name":"filterTreeFn","decl":{"start":{"line":12,"column":9},"end":{"line":12,"column":21}},"loc":{"start":{"line":12,"column":59},"end":{"line":23,"column":1}},"line":12},"1":{"name":"(anonymous_1)","decl":{"start":{"line":18,"column":18},"end":{"line":18,"column":19}},"loc":{"start":{"line":18,"column":23},"end":{"line":18,"column":92}},"line":18}},"branchMap":{"0":{"loc":{"start":{"line":12,"column":33},"end":{"line":12,"column":57}},"type":"default-arg","locations":[{"start":{"line":12,"column":47},"end":{"line":12,"column":57}}],"line":12},"1":{"loc":{"start":{"line":13,"column":2},"end":{"line":15,"column":3}},"type":"if","locations":[{"start":{"line":13,"column":2},"end":{"line":15,"column":3}},{"start":{"line":13,"column":2},"end":{"line":15,"column":3}}],"line":13},"2":{"loc":{"start":{"line":16,"column":2},"end":{"line":16,"column":41}},"type":"if","locations":[{"start":{"line":16,"column":2},"end":{"line":16,"column":41}},{"start":{"line":16,"column":2},"end":{"line":16,"column":41}}],"line":16},"3":{"loc":{"start":{"line":18,"column":23},"end":{"line":18,"column":92}},"type":"binary-expr","locations":[{"start":{"line":18,"column":23},"end":{"line":18,"column":37}},{"start":{"line":18,"column":42},"end":{"line":18,"column":91}}],"line":18}},"s":{"0":2,"1":4,"2":1,"3":3,"4":0,"5":3,"6":3,"7":2,"8":3,"9":3},"f":{"0":4,"1":2},"b":{"0":[4],"1":[1,3],"2":[0,3],"3":[2,2]},"_coverageSchema":"43e27e138ebf9cfc5966b082cf9a028302ed4184","hash":"6bd5f282fb79dac87e5fb7ed3675537ad73e1ec8"}
,"D:\\wz\\web之路\\fire-leaf-one\\FL-utils\\src\\collection\\getNodeByKeyValues.js": {"path":"D:\\wz\\web之路\\fire-leaf-one\\FL-utils\\src\\collection\\getNodeByKeyValues.js","statementMap":{"0":{"start":{"line":17,"column":29},"end":{"line":17,"column":31}},"1":{"start":{"line":20,"column":2},"end":{"line":23,"column":3}},"2":{"start":{"line":21,"column":4},"end":{"line":21,"column":60}},"3":{"start":{"line":22,"column":4},"end":{"line":22,"column":25}},"4":{"start":{"line":25,"column":16},"end":{"line":25,"column":18}},"5":{"start":{"line":26,"column":20},"end":{"line":35,"column":3}},"6":{"start":{"line":27,"column":4},"end":{"line":34,"column":7}},"7":{"start":{"line":28,"column":6},"end":{"line":30,"column":7}},"8":{"start":{"line":29,"column":8},"end":{"line":29,"column":25}},"9":{"start":{"line":31,"column":6},"end":{"line":33,"column":7}},"10":{"start":{"line":32,"column":8},"end":{"line":32,"column":37}},"11":{"start":{"line":37,"column":2},"end":{"line":37,"column":24}},"12":{"start":{"line":39,"column":2},"end":{"line":39,"column":15}}},"fnMap":{"0":{"name":"getNodeByKeyValues","decl":{"start":{"line":19,"column":9},"end":{"line":19,"column":27}},"loc":{"start":{"line":19,"column":98},"end":{"line":40,"column":1}},"line":19},"1":{"name":"(anonymous_1)","decl":{"start":{"line":26,"column":20},"end":{"line":26,"column":21}},"loc":{"start":{"line":26,"column":33},"end":{"line":35,"column":3}},"line":26},"2":{"name":"(anonymous_2)","decl":{"start":{"line":27,"column":20},"end":{"line":27,"column":21}},"loc":{"start":{"line":27,"column":28},"end":{"line":34,"column":5}},"line":27}},"branchMap":{"0":{"loc":{"start":{"line":19,"column":29},"end":{"line":19,"column":44}},"type":"default-arg","locations":[{"start":{"line":19,"column":42},"end":{"line":19,"column":44}}],"line":19},"1":{"loc":{"start":{"line":19,"column":46},"end":{"line":19,"column":57}},"type":"default-arg","locations":[{"start":{"line":19,"column":55},"end":{"line":19,"column":57}}],"line":19},"2":{"loc":{"start":{"line":19,"column":59},"end":{"line":19,"column":70}},"type":"default-arg","locations":[{"start":{"line":19,"column":65},"end":{"line":19,"column":70}}],"line":19},"3":{"loc":{"start":{"line":19,"column":72},"end":{"line":19,"column":96}},"type":"default-arg","locations":[{"start":{"line":19,"column":86},"end":{"line":19,"column":96}}],"line":19},"4":{"loc":{"start":{"line":20,"column":2},"end":{"line":23,"column":3}},"type":"if","locations":[{"start":{"line":20,"column":2},"end":{"line":23,"column":3}},{"start":{"line":20,"column":2},"end":{"line":23,"column":3}}],"line":20},"5":{"loc":{"start":{"line":20,"column":6},"end":{"line":20,"column":46}},"type":"binary-expr","locations":[{"start":{"line":20,"column":6},"end":{"line":20,"column":26}},{"start":{"line":20,"column":30},"end":{"line":20,"column":46}}],"line":20},"6":{"loc":{"start":{"line":28,"column":6},"end":{"line":30,"column":7}},"type":"if","locations":[{"start":{"line":28,"column":6},"end":{"line":30,"column":7}},{"start":{"line":28,"column":6},"end":{"line":30,"column":7}}],"line":28},"7":{"loc":{"start":{"line":28,"column":10},"end":{"line":28,"column":53}},"type":"binary-expr","locations":[{"start":{"line":28,"column":10},"end":{"line":28,"column":19}},{"start":{"line":28,"column":23},"end":{"line":28,"column":53}}],"line":28},"8":{"loc":{"start":{"line":31,"column":6},"end":{"line":33,"column":7}},"type":"if","locations":[{"start":{"line":31,"column":6},"end":{"line":33,"column":7}},{"start":{"line":31,"column":6},"end":{"line":33,"column":7}}],"line":31},"9":{"loc":{"start":{"line":31,"column":10},"end":{"line":31,"column":55}},"type":"binary-expr","locations":[{"start":{"line":31,"column":10},"end":{"line":31,"column":27}},{"start":{"line":31,"column":31},"end":{"line":31,"column":55}}],"line":31}},"s":{"0":2,"1":2,"2":1,"3":1,"4":1,"5":1,"6":2,"7":3,"8":2,"9":3,"10":1,"11":1,"12":1},"f":{"0":2,"1":2,"2":3},"b":{"0":[0],"1":[0],"2":[1],"3":[2],"4":[1,1],"5":[2,2],"6":[2,1],"7":[3,3],"8":[1,2],"9":[3,1]},"_coverageSchema":"43e27e138ebf9cfc5966b082cf9a028302ed4184","hash":"7632b0412ce3515823cc0580b73a0d980599459b"}
,"D:\\wz\\web之路\\fire-leaf-one\\FL-utils\\src\\collection\\sortTree.js": {"path":"D:\\wz\\web之路\\fire-leaf-one\\FL-utils\\src\\collection\\sortTree.js","statementMap":{"0":{"start":{"line":14,"column":29},"end":{"line":14,"column":31}},"1":{"start":{"line":16,"column":17},"end":{"line":56,"column":1}},"2":{"start":{"line":17,"column":2},"end":{"line":17,"column":59}},"3":{"start":{"line":17,"column":38},"end":{"line":17,"column":59}},"4":{"start":{"line":19,"column":2},"end":{"line":54,"column":3}},"5":{"start":{"line":20,"column":4},"end":{"line":22,"column":5}},"6":{"start":{"line":21,"column":6},"end":{"line":21,"column":88}},"7":{"start":{"line":24,"column":4},"end":{"line":53,"column":7}},"8":{"start":{"line":25,"column":6},"end":{"line":51,"column":7}},"9":{"start":{"line":26,"column":8},"end":{"line":32,"column":9}},"10":{"start":{"line":27,"column":10},"end":{"line":27,"column":23}},"11":{"start":{"line":28,"column":15},"end":{"line":32,"column":9}},"12":{"start":{"line":29,"column":10},"end":{"line":29,"column":23}},"13":{"start":{"line":31,"column":10},"end":{"line":31,"column":19}},"14":{"start":{"line":33,"column":13},"end":{"line":51,"column":7}},"15":{"start":{"line":34,"column":8},"end":{"line":36,"column":9}},"16":{"start":{"line":35,"column":10},"end":{"line":35,"column":80}},"17":{"start":{"line":37,"column":8},"end":{"line":39,"column":9}},"18":{"start":{"line":38,"column":10},"end":{"line":38,"column":80}},"19":{"start":{"line":40,"column":8},"end":{"line":42,"column":9}},"20":{"start":{"line":41,"column":10},"end":{"line":41,"column":19}},"21":{"start":{"line":44,"column":8},"end":{"line":50,"column":9}},"22":{"start":{"line":45,"column":10},"end":{"line":45,"column":41}},"23":{"start":{"line":46,"column":15},"end":{"line":50,"column":9}},"24":{"start":{"line":47,"column":10},"end":{"line":47,"column":41}},"25":{"start":{"line":49,"column":10},"end":{"line":49,"column":19}},"26":{"start":{"line":52,"column":6},"end":{"line":52,"column":15}},"27":{"start":{"line":55,"column":2},"end":{"line":55,"column":19}}},"fnMap":{"0":{"name":"(anonymous_0)","decl":{"start":{"line":16,"column":17},"end":{"line":16,"column":18}},"loc":{"start":{"line":16,"column":90},"end":{"line":56,"column":1}},"line":16},"1":{"name":"(anonymous_1)","decl":{"start":{"line":24,"column":14},"end":{"line":24,"column":15}},"loc":{"start":{"line":24,"column":24},"end":{"line":53,"column":5}},"line":24}},"branchMap":{"0":{"loc":{"start":{"line":16,"column":18},"end":{"line":16,"column":27}},"type":"default-arg","locations":[{"start":{"line":16,"column":25},"end":{"line":16,"column":27}}],"line":16},"1":{"loc":{"start":{"line":16,"column":29},"end":{"line":16,"column":41}},"type":"default-arg","locations":[{"start":{"line":16,"column":36},"end":{"line":16,"column":41}}],"line":16},"2":{"loc":{"start":{"line":16,"column":43},"end":{"line":16,"column":59}},"type":"default-arg","locations":[{"start":{"line":16,"column":53},"end":{"line":16,"column":59}}],"line":16},"3":{"loc":{"start":{"line":16,"column":61},"end":{"line":16,"column":85}},"type":"default-arg","locations":[{"start":{"line":16,"column":75},"end":{"line":16,"column":85}}],"line":16},"4":{"loc":{"start":{"line":17,"column":2},"end":{"line":17,"column":59}},"type":"if","locations":[{"start":{"line":17,"column":2},"end":{"line":17,"column":59}},{"start":{"line":17,"column":2},"end":{"line":17,"column":59}}],"line":17},"5":{"loc":{"start":{"line":17,"column":6},"end":{"line":17,"column":36}},"type":"binary-expr","locations":[{"start":{"line":17,"column":6},"end":{"line":17,"column":20}},{"start":{"line":17,"column":24},"end":{"line":17,"column":36}}],"line":17},"6":{"loc":{"start":{"line":19,"column":2},"end":{"line":54,"column":3}},"type":"if","locations":[{"start":{"line":19,"column":2},"end":{"line":54,"column":3}},{"start":{"line":19,"column":2},"end":{"line":54,"column":3}}],"line":19},"7":{"loc":{"start":{"line":20,"column":4},"end":{"line":22,"column":5}},"type":"if","locations":[{"start":{"line":20,"column":4},"end":{"line":22,"column":5}},{"start":{"line":20,"column":4},"end":{"line":22,"column":5}}],"line":20},"8":{"loc":{"start":{"line":20,"column":8},"end":{"line":20,"column":59}},"type":"binary-expr","locations":[{"start":{"line":20,"column":8},"end":{"line":20,"column":28}},{"start":{"line":20,"column":32},"end":{"line":20,"column":59}}],"line":20},"9":{"loc":{"start":{"line":25,"column":6},"end":{"line":51,"column":7}},"type":"if","locations":[{"start":{"line":25,"column":6},"end":{"line":51,"column":7}},{"start":{"line":25,"column":6},"end":{"line":51,"column":7}}],"line":25},"10":{"loc":{"start":{"line":25,"column":10},"end":{"line":25,"column":36}},"type":"binary-expr","locations":[{"start":{"line":25,"column":10},"end":{"line":25,"column":21}},{"start":{"line":25,"column":25},"end":{"line":25,"column":36}}],"line":25},"11":{"loc":{"start":{"line":26,"column":8},"end":{"line":32,"column":9}},"type":"if","locations":[{"start":{"line":26,"column":8},"end":{"line":32,"column":9}},{"start":{"line":26,"column":8},"end":{"line":32,"column":9}}],"line":26},"12":{"loc":{"start":{"line":28,"column":15},"end":{"line":32,"column":9}},"type":"if","locations":[{"start":{"line":28,"column":15},"end":{"line":32,"column":9}},{"start":{"line":28,"column":15},"end":{"line":32,"column":9}}],"line":28},"13":{"loc":{"start":{"line":33,"column":13},"end":{"line":51,"column":7}},"type":"if","locations":[{"start":{"line":33,"column":13},"end":{"line":51,"column":7}},{"start":{"line":33,"column":13},"end":{"line":51,"column":7}}],"line":33},"14":{"loc":{"start":{"line":33,"column":17},"end":{"line":33,"column":43}},"type":"binary-expr","locations":[{"start":{"line":33,"column":17},"end":{"line":33,"column":28}},{"start":{"line":33,"column":32},"end":{"line":33,"column":43}}],"line":33},"15":{"loc":{"start":{"line":34,"column":8},"end":{"line":36,"column":9}},"type":"if","locations":[{"start":{"line":34,"column":8},"end":{"line":36,"column":9}},{"start":{"line":34,"column":8},"end":{"line":36,"column":9}}],"line":34},"16":{"loc":{"start":{"line":34,"column":12},"end":{"line":34,"column":51}},"type":"binary-expr","locations":[{"start":{"line":34,"column":12},"end":{"line":34,"column":26}},{"start":{"line":34,"column":30},"end":{"line":34,"column":51}}],"line":34},"17":{"loc":{"start":{"line":37,"column":8},"end":{"line":39,"column":9}},"type":"if","locations":[{"start":{"line":37,"column":8},"end":{"line":39,"column":9}},{"start":{"line":37,"column":8},"end":{"line":39,"column":9}}],"line":37},"18":{"loc":{"start":{"line":37,"column":12},"end":{"line":37,"column":51}},"type":"binary-expr","locations":[{"start":{"line":37,"column":12},"end":{"line":37,"column":26}},{"start":{"line":37,"column":30},"end":{"line":37,"column":51}}],"line":37},"19":{"loc":{"start":{"line":40,"column":8},"end":{"line":42,"column":9}},"type":"if","locations":[{"start":{"line":40,"column":8},"end":{"line":42,"column":9}},{"start":{"line":40,"column":8},"end":{"line":42,"column":9}}],"line":40},"20":{"loc":{"start":{"line":40,"column":12},"end":{"line":40,"column":82}},"type":"binary-expr","locations":[{"start":{"line":40,"column":13},"end":{"line":40,"column":24}},{"start":{"line":40,"column":28},"end":{"line":40,"column":44}},{"start":{"line":40,"column":50},"end":{"line":40,"column":61}},{"start":{"line":40,"column":65},"end":{"line":40,"column":81}}],"line":40},"21":{"loc":{"start":{"line":44,"column":8},"end":{"line":50,"column":9}},"type":"if","locations":[{"start":{"line":44,"column":8},"end":{"line":50,"column":9}},{"start":{"line":44,"column":8},"end":{"line":50,"column":9}}],"line":44},"22":{"loc":{"start":{"line":46,"column":15},"end":{"line":50,"column":9}},"type":"if","locations":[{"start":{"line":46,"column":15},"end":{"line":50,"column":9}},{"start":{"line":46,"column":15},"end":{"line":50,"column":9}}],"line":46}},"s":{"0":2,"1":2,"2":5,"3":1,"4":4,"5":0,"6":0,"7":4,"8":10,"9":4,"10":4,"11":0,"12":0,"13":0,"14":6,"15":3,"16":0,"17":3,"18":1,"19":3,"20":0,"21":3,"22":0,"23":3,"24":3,"25":0,"26":3,"27":4},"f":{"0":5,"1":10},"b":{"0":[0],"1":[0],"2":[3],"3":[4],"4":[1,4],"5":[5,4],"6":[0,4],"7":[0,0],"8":[0,0],"9":[4,6],"10":[10,4],"11":[4,0],"12":[0,0],"13":[3,3],"14":[6,3],"15":[0,3],"16":[3,0],"17":[1,2],"18":[3,1],"19":[0,3],"20":[3,0,3,1],"21":[0,3],"22":[3,0]},"_coverageSchema":"43e27e138ebf9cfc5966b082cf9a028302ed4184","hash":"cf58adfcc56f05523196cc457419cf7a933a5157"}
,"D:\\wz\\web之路\\fire-leaf-one\\FL-utils\\src\\dom\\debounce.js": {"path":"D:\\wz\\web之路\\fire-leaf-one\\FL-utils\\src\\dom\\debounce.js","statementMap":{"0":{"start":{"line":42,"column":16},"end":{"line":42,"column":20}},"1":{"start":{"line":43,"column":2},"end":{"line":50,"column":4}},"2":{"start":{"line":44,"column":4},"end":{"line":44,"column":26}},"3":{"start":{"line":45,"column":4},"end":{"line":49,"column":7}},"4":{"start":{"line":46,"column":6},"end":{"line":48,"column":15}},"5":{"start":{"line":47,"column":8},"end":{"line":47,"column":43}}},"fnMap":{"0":{"name":"debounce","decl":{"start":{"line":41,"column":9},"end":{"line":41,"column":17}},"loc":{"start":{"line":41,"column":34},"end":{"line":51,"column":1}},"line":41},"1":{"name":"(anonymous_1)","decl":{"start":{"line":43,"column":9},"end":{"line":43,"column":10}},"loc":{"start":{"line":43,"column":21},"end":{"line":50,"column":3}},"line":43},"2":{"name":"(anonymous_2)","decl":{"start":{"line":45,"column":23},"end":{"line":45,"column":24}},"loc":{"start":{"line":45,"column":34},"end":{"line":49,"column":5}},"line":45},"3":{"name":"(anonymous_3)","decl":{"start":{"line":46,"column":27},"end":{"line":46,"column":28}},"loc":{"start":{"line":46,"column":33},"end":{"line":48,"column":7}},"line":46}},"branchMap":{"0":{"loc":{"start":{"line":41,"column":22},"end":{"line":41,"column":32}},"type":"default-arg","locations":[{"start":{"line":41,"column":29},"end":{"line":41,"column":32}}],"line":41}},"s":{"0":1,"1":1,"2":5,"3":5,"4":5,"5":1},"f":{"0":1,"1":5,"2":5,"3":1},"b":{"0":[0]},"_coverageSchema":"43e27e138ebf9cfc5966b082cf9a028302ed4184","hash":"6bc0c7f923a552655dea7556ace860171361b2f8"}
,"D:\\wz\\web之路\\fire-leaf-one\\FL-utils\\src\\dom\\downloadLink.js": {"path":"D:\\wz\\web之路\\fire-leaf-one\\FL-utils\\src\\dom\\downloadLink.js","statementMap":{"0":{"start":{"line":9,"column":21},"end":{"line":19,"column":1}},"1":{"start":{"line":10,"column":2},"end":{"line":10,"column":25}},"2":{"start":{"line":10,"column":12},"end":{"line":10,"column":25}},"3":{"start":{"line":11,"column":12},"end":{"line":11,"column":39}},"4":{"start":{"line":12,"column":2},"end":{"line":12,"column":15}},"5":{"start":{"line":13,"column":2},"end":{"line":13,"column":24}},"6":{"start":{"line":14,"column":2},"end":{"line":14,"column":27}},"7":{"start":{"line":15,"column":2},"end":{"line":15,"column":31}},"8":{"start":{"line":16,"column":2},"end":{"line":16,"column":12}},"9":{"start":{"line":17,"column":2},"end":{"line":17,"column":37}},"10":{"start":{"line":18,"column":2},"end":{"line":18,"column":13}}},"fnMap":{"0":{"name":"(anonymous_0)","decl":{"start":{"line":9,"column":21},"end":{"line":9,"column":22}},"loc":{"start":{"line":9,"column":54},"end":{"line":19,"column":1}},"line":9}},"branchMap":{"0":{"loc":{"start":{"line":9,"column":22},"end":{"line":9,"column":30}},"type":"default-arg","locations":[{"start":{"line":9,"column":28},"end":{"line":9,"column":30}}],"line":9},"1":{"loc":{"start":{"line":9,"column":32},"end":{"line":9,"column":49}},"type":"default-arg","locations":[{"start":{"line":9,"column":43},"end":{"line":9,"column":49}}],"line":9},"2":{"loc":{"start":{"line":10,"column":2},"end":{"line":10,"column":25}},"type":"if","locations":[{"start":{"line":10,"column":2},"end":{"line":10,"column":25}},{"start":{"line":10,"column":2},"end":{"line":10,"column":25}}],"line":10}},"s":{"0":2,"1":1,"2":1,"3":0,"4":0,"5":0,"6":0,"7":0,"8":0,"9":0,"10":0},"f":{"0":1},"b":{"0":[1],"1":[1],"2":[1,0]},"_coverageSchema":"43e27e138ebf9cfc5966b082cf9a028302ed4184","hash":"eb773cf0b366761d49887425f4dc66d93f3bcdba"}
,"D:\\wz\\web之路\\fire-leaf-one\\FL-utils\\src\\dom\\drawLineArrow.js": {"path":"D:\\wz\\web之路\\fire-leaf-one\\FL-utils\\src\\dom\\drawLineArrow.js","statementMap":{"0":{"start":{"line":2,"column":22},"end":{"line":27,"column":1}},"1":{"start":{"line":5,"column":10},"end":{"line":5,"column":14}},"2":{"start":{"line":7,"column":2},"end":{"line":7,"column":37}},"3":{"start":{"line":8,"column":2},"end":{"line":8,"column":23}},"4":{"start":{"line":9,"column":2},"end":{"line":9,"column":23}},"5":{"start":{"line":11,"column":2},"end":{"line":11,"column":21}},"6":{"start":{"line":13,"column":2},"end":{"line":13,"column":31}},"7":{"start":{"line":14,"column":2},"end":{"line":14,"column":31}},"8":{"start":{"line":17,"column":2},"end":{"line":17,"column":24}},"9":{"start":{"line":19,"column":2},"end":{"line":19,"column":134}},"10":{"start":{"line":20,"column":2},"end":{"line":20,"column":24}},"11":{"start":{"line":21,"column":2},"end":{"line":21,"column":131}},"12":{"start":{"line":23,"column":2},"end":{"line":23,"column":41}},"13":{"start":{"line":26,"column":2},"end":{"line":26,"column":14}}},"fnMap":{"0":{"name":"(anonymous_0)","decl":{"start":{"line":2,"column":22},"end":{"line":2,"column":23}},"loc":{"start":{"line":2,"column":41},"end":{"line":27,"column":1}},"line":2}},"branchMap":{},"s":{"0":2,"1":1,"2":1,"3":1,"4":1,"5":1,"6":1,"7":1,"8":1,"9":1,"10":1,"11":1,"12":1,"13":1},"f":{"0":1},"b":{},"_coverageSchema":"43e27e138ebf9cfc5966b082cf9a028302ed4184","hash":"850ab09319dc224b1d1fea45caa51946548ec253"}
,"D:\\wz\\web之路\\fire-leaf-one\\FL-utils\\src\\dom\\throttle.js": {"path":"D:\\wz\\web之路\\fire-leaf-one\\FL-utils\\src\\dom\\throttle.js","statementMap":{"0":{"start":{"line":74,"column":2},"end":{"line":85,"column":4}},"1":{"start":{"line":75,"column":18},"end":{"line":75,"column":22}},"2":{"start":{"line":76,"column":15},"end":{"line":76,"column":24}},"3":{"start":{"line":77,"column":4},"end":{"line":84,"column":7}},"4":{"start":{"line":78,"column":6},"end":{"line":83,"column":7}},"5":{"start":{"line":79,"column":8},"end":{"line":82,"column":17}},"6":{"start":{"line":80,"column":10},"end":{"line":80,"column":25}},"7":{"start":{"line":81,"column":10},"end":{"line":81,"column":45}}},"fnMap":{"0":{"name":"throttle","decl":{"start":{"line":72,"column":9},"end":{"line":72,"column":17}},"loc":{"start":{"line":72,"column":37},"end":{"line":86,"column":1}},"line":72},"1":{"name":"(anonymous_1)","decl":{"start":{"line":74,"column":9},"end":{"line":74,"column":10}},"loc":{"start":{"line":74,"column":21},"end":{"line":85,"column":3}},"line":74},"2":{"name":"(anonymous_2)","decl":{"start":{"line":77,"column":23},"end":{"line":77,"column":24}},"loc":{"start":{"line":77,"column":36},"end":{"line":84,"column":5}},"line":77},"3":{"name":"(anonymous_3)","decl":{"start":{"line":79,"column":29},"end":{"line":79,"column":30}},"loc":{"start":{"line":79,"column":35},"end":{"line":82,"column":9}},"line":79}},"branchMap":{"0":{"loc":{"start":{"line":72,"column":25},"end":{"line":72,"column":35}},"type":"default-arg","locations":[{"start":{"line":72,"column":32},"end":{"line":72,"column":35}}],"line":72},"1":{"loc":{"start":{"line":78,"column":6},"end":{"line":83,"column":7}},"type":"if","locations":[{"start":{"line":78,"column":6},"end":{"line":83,"column":7}},{"start":{"line":78,"column":6},"end":{"line":83,"column":7}}],"line":78}},"s":{"0":1,"1":3,"2":3,"3":3,"4":3,"5":1,"6":1,"7":1},"f":{"0":1,"1":3,"2":3,"3":1},"b":{"0":[0],"1":[1,2]},"_coverageSchema":"43e27e138ebf9cfc5966b082cf9a028302ed4184","hash":"1c977f6c9187e5ea3bf589f428b7db4594e76e86"}
,"D:\\wz\\web之路\\fire-leaf-one\\FL-utils\\src\\format\\antdFormFormat.js": {"path":"D:\\wz\\web之路\\fire-leaf-one\\FL-utils\\src\\format\\antdFormFormat.js","statementMap":{"0":{"start":{"line":10,"column":29},"end":{"line":10,"column":31}},"1":{"start":{"line":13,"column":2},"end":{"line":16,"column":3}},"2":{"start":{"line":14,"column":4},"end":{"line":14,"column":39}},"3":{"start":{"line":15,"column":4},"end":{"line":15,"column":25}},"4":{"start":{"line":17,"column":15},"end":{"line":17,"column":34}},"5":{"start":{"line":18,"column":14},"end":{"line":18,"column":16}},"6":{"start":{"line":20,"column":2},"end":{"line":23,"column":5}},"7":{"start":{"line":21,"column":4},"end":{"line":21,"column":18}},"8":{"start":{"line":22,"column":4},"end":{"line":22,"column":33}},"9":{"start":{"line":24,"column":2},"end":{"line":24,"column":13}}},"fnMap":{"0":{"name":"antdFormFormat","decl":{"start":{"line":12,"column":9},"end":{"line":12,"column":23}},"loc":{"start":{"line":12,"column":38},"end":{"line":25,"column":1}},"line":12},"1":{"name":"(anonymous_1)","decl":{"start":{"line":20,"column":15},"end":{"line":20,"column":16}},"loc":{"start":{"line":20,"column":24},"end":{"line":23,"column":3}},"line":20}},"branchMap":{"0":{"loc":{"start":{"line":12,"column":25},"end":{"line":12,"column":36}},"type":"default-arg","locations":[{"start":{"line":12,"column":34},"end":{"line":12,"column":36}}],"line":12},"1":{"loc":{"start":{"line":13,"column":2},"end":{"line":16,"column":3}},"type":"if","locations":[{"start":{"line":13,"column":2},"end":{"line":16,"column":3}},{"start":{"line":13,"column":2},"end":{"line":16,"column":3}}],"line":13}},"s":{"0":2,"1":2,"2":1,"3":1,"4":1,"5":1,"6":1,"7":2,"8":2,"9":1},"f":{"0":2,"1":2},"b":{"0":[0],"1":[1,1]},"_coverageSchema":"43e27e138ebf9cfc5966b082cf9a028302ed4184","hash":"2bf75e1383cc0b7a2fe82e15f877cc8558afc18e"}
,"D:\\wz\\web之路\\fire-leaf-one\\FL-utils\\src\\format\\btSize.js": {"path":"D:\\wz\\web之路\\fire-leaf-one\\FL-utils\\src\\format\\btSize.js","statementMap":{"0":{"start":{"line":8,"column":16},"end":{"line":8,"column":69}},"1":{"start":{"line":9,"column":12},"end":{"line":9,"column":16}},"2":{"start":{"line":10,"column":2},"end":{"line":23,"column":3}},"3":{"start":{"line":11,"column":14},"end":{"line":11,"column":30}},"4":{"start":{"line":12,"column":15},"end":{"line":12,"column":36}},"5":{"start":{"line":13,"column":12},"end":{"line":13,"column":52}},"6":{"start":{"line":14,"column":4},"end":{"line":19,"column":5}},"7":{"start":{"line":15,"column":6},"end":{"line":15,"column":15}},"8":{"start":{"line":18,"column":6},"end":{"line":18,"column":44}},"9":{"start":{"line":21,"column":7},"end":{"line":23,"column":3}},"10":{"start":{"line":22,"column":4},"end":{"line":22,"column":16}},"11":{"start":{"line":24,"column":2},"end":{"line":24,"column":11}}},"fnMap":{"0":{"name":"btSize","decl":{"start":{"line":7,"column":9},"end":{"line":7,"column":15}},"loc":{"start":{"line":7,"column":22},"end":{"line":25,"column":1}},"line":7}},"branchMap":{"0":{"loc":{"start":{"line":10,"column":2},"end":{"line":23,"column":3}},"type":"if","locations":[{"start":{"line":10,"column":2},"end":{"line":23,"column":3}},{"start":{"line":10,"column":2},"end":{"line":23,"column":3}}],"line":10},"1":{"loc":{"start":{"line":14,"column":4},"end":{"line":19,"column":5}},"type":"if","locations":[{"start":{"line":14,"column":4},"end":{"line":19,"column":5}},{"start":{"line":14,"column":4},"end":{"line":19,"column":5}}],"line":14},"2":{"loc":{"start":{"line":21,"column":7},"end":{"line":23,"column":3}},"type":"if","locations":[{"start":{"line":21,"column":7},"end":{"line":23,"column":3}},{"start":{"line":21,"column":7},"end":{"line":23,"column":3}}],"line":21}},"s":{"0":2,"1":2,"2":2,"3":1,"4":1,"5":1,"6":1,"7":0,"8":1,"9":1,"10":1,"11":0},"f":{"0":2},"b":{"0":[1,1],"1":[0,1],"2":[1,0]},"_coverageSchema":"43e27e138ebf9cfc5966b082cf9a028302ed4184","hash":"2b28ae65b0b588c70111ef4120c88c413a2e2c8e"}
,"D:\\wz\\web之路\\fire-leaf-one\\FL-utils\\src\\format\\formatDate.js": {"path":"D:\\wz\\web之路\\fire-leaf-one\\FL-utils\\src\\format\\formatDate.js","statementMap":{"0":{"start":{"line":19,"column":19},"end":{"line":26,"column":1}},"1":{"start":{"line":20,"column":2},"end":{"line":20,"column":23}},"2":{"start":{"line":20,"column":13},"end":{"line":20,"column":23}},"3":{"start":{"line":21,"column":2},"end":{"line":23,"column":3}},"4":{"start":{"line":22,"column":4},"end":{"line":22,"column":23}},"5":{"start":{"line":24,"column":13},"end":{"line":24,"column":38}},"6":{"start":{"line":25,"column":2},"end":{"line":25,"column":47}}},"fnMap":{"0":{"name":"(anonymous_0)","decl":{"start":{"line":19,"column":19},"end":{"line":19,"column":20}},"loc":{"start":{"line":19,"column":50},"end":{"line":26,"column":1}},"line":19}},"branchMap":{"0":{"loc":{"start":{"line":19,"column":26},"end":{"line":19,"column":45}},"type":"default-arg","locations":[{"start":{"line":19,"column":33},"end":{"line":19,"column":45}}],"line":19},"1":{"loc":{"start":{"line":20,"column":2},"end":{"line":20,"column":23}},"type":"if","locations":[{"start":{"line":20,"column":2},"end":{"line":20,"column":23}},{"start":{"line":20,"column":2},"end":{"line":20,"column":23}}],"line":20},"2":{"loc":{"start":{"line":21,"column":2},"end":{"line":23,"column":3}},"type":"if","locations":[{"start":{"line":21,"column":2},"end":{"line":23,"column":3}},{"start":{"line":21,"column":2},"end":{"line":23,"column":3}}],"line":21},"3":{"loc":{"start":{"line":25,"column":9},"end":{"line":25,"column":46}},"type":"cond-expr","locations":[{"start":{"line":25,"column":35},"end":{"line":25,"column":39}},{"start":{"line":25,"column":42},"end":{"line":25,"column":46}}],"line":25}},"s":{"0":2,"1":3,"2":1,"3":2,"4":0,"5":2,"6":2},"f":{"0":3},"b":{"0":[2],"1":[1,2],"2":[0,2],"3":[0,2]},"_coverageSchema":"43e27e138ebf9cfc5966b082cf9a028302ed4184","hash":"2338325e7db23fd71530577375aad5381a8b4fea"}
,"D:\\wz\\web之路\\fire-leaf-one\\FL-utils\\src\\format\\hexToRgb.js": {"path":"D:\\wz\\web之路\\fire-leaf-one\\FL-utils\\src\\format\\hexToRgb.js","statementMap":{"0":{"start":{"line":8,"column":14},"end":{"line":8,"column":16}},"1":{"start":{"line":10,"column":2},"end":{"line":10,"column":22}},"2":{"start":{"line":12,"column":2},"end":{"line":14,"column":3}},"3":{"start":{"line":13,"column":4},"end":{"line":13,"column":38}},"4":{"start":{"line":16,"column":2},"end":{"line":18,"column":5}},"5":{"start":{"line":17,"column":4},"end":{"line":17,"column":36}},"6":{"start":{"line":20,"column":2},"end":{"line":20,"column":39}}},"fnMap":{"0":{"name":"hexToRgb","decl":{"start":{"line":7,"column":9},"end":{"line":7,"column":17}},"loc":{"start":{"line":7,"column":23},"end":{"line":21,"column":1}},"line":7},"1":{"name":"(anonymous_1)","decl":{"start":{"line":16,"column":21},"end":{"line":16,"column":22}},"loc":{"start":{"line":16,"column":36},"end":{"line":18,"column":3}},"line":16}},"branchMap":{"0":{"loc":{"start":{"line":12,"column":2},"end":{"line":14,"column":3}},"type":"if","locations":[{"start":{"line":12,"column":2},"end":{"line":14,"column":3}},{"start":{"line":12,"column":2},"end":{"line":14,"column":3}}],"line":12}},"s":{"0":2,"1":2,"2":2,"3":1,"4":2,"5":6,"6":2},"f":{"0":2,"1":6},"b":{"0":[1,1]},"_coverageSchema":"43e27e138ebf9cfc5966b082cf9a028302ed4184","hash":"9fbdebe4718d9cf99702ce506ed87ab0d1fb7297"}
,"D:\\wz\\web之路\\fire-leaf-one\\FL-utils\\src\\format\\numpoints.js": {"path":"D:\\wz\\web之路\\fire-leaf-one\\FL-utils\\src\\format\\numpoints.js","statementMap":{"0":{"start":{"line":19,"column":16},"end":{"line":19,"column":31}},"1":{"start":{"line":20,"column":2},"end":{"line":23,"column":3}},"2":{"start":{"line":21,"column":4},"end":{"line":21,"column":45}},"3":{"start":{"line":22,"column":4},"end":{"line":22,"column":21}},"4":{"start":{"line":24,"column":2},"end":{"line":24,"column":37}},"5":{"start":{"line":24,"column":20},"end":{"line":24,"column":37}},"6":{"start":{"line":26,"column":12},"end":{"line":26,"column":66}},"7":{"start":{"line":27,"column":16},"end":{"line":27,"column":39}},"8":{"start":{"line":28,"column":14},"end":{"line":28,"column":37}},"9":{"start":{"line":29,"column":17},"end":{"line":29,"column":59}},"10":{"start":{"line":31,"column":2},"end":{"line":41,"column":3}},"11":{"start":{"line":32,"column":17},"end":{"line":32,"column":68}},"12":{"start":{"line":33,"column":4},"end":{"line":35,"column":5}},"13":{"start":{"line":34,"column":6},"end":{"line":34,"column":22}},"14":{"start":{"line":36,"column":4},"end":{"line":36,"column":36}},"15":{"start":{"line":37,"column":9},"end":{"line":41,"column":3}},"16":{"start":{"line":38,"column":4},"end":{"line":38,"column":20}},"17":{"start":{"line":40,"column":4},"end":{"line":40,"column":36}}},"fnMap":{"0":{"name":"numPoints","decl":{"start":{"line":18,"column":9},"end":{"line":18,"column":18}},"loc":{"start":{"line":18,"column":36},"end":{"line":43,"column":1}},"line":18}},"branchMap":{"0":{"loc":{"start":{"line":20,"column":2},"end":{"line":23,"column":3}},"type":"if","locations":[{"start":{"line":20,"column":2},"end":{"line":23,"column":3}},{"start":{"line":20,"column":2},"end":{"line":23,"column":3}}],"line":20},"1":{"loc":{"start":{"line":20,"column":6},"end":{"line":20,"column":41}},"type":"binary-expr","locations":[{"start":{"line":20,"column":6},"end":{"line":20,"column":15}},{"start":{"line":20,"column":19},"end":{"line":20,"column":41}}],"line":20},"2":{"loc":{"start":{"line":22,"column":11},"end":{"line":22,"column":20}},"type":"binary-expr","locations":[{"start":{"line":22,"column":11},"end":{"line":22,"column":14}},{"start":{"line":22,"column":18},"end":{"line":22,"column":20}}],"line":22},"3":{"loc":{"start":{"line":24,"column":2},"end":{"line":24,"column":37}},"type":"if","locations":[{"start":{"line":24,"column":2},"end":{"line":24,"column":37}},{"start":{"line":24,"column":2},"end":{"line":24,"column":37}}],"line":24},"4":{"loc":{"start":{"line":24,"column":27},"end":{"line":24,"column":36}},"type":"binary-expr","locations":[{"start":{"line":24,"column":27},"end":{"line":24,"column":30}},{"start":{"line":24,"column":34},"end":{"line":24,"column":36}}],"line":24},"5":{"loc":{"start":{"line":26,"column":12},"end":{"line":26,"column":66}},"type":"cond-expr","locations":[{"start":{"line":26,"column":24},"end":{"line":26,"column":53}},{"start":{"line":26,"column":56},"end":{"line":26,"column":66}}],"line":26},"6":{"loc":{"start":{"line":27,"column":16},"end":{"line":27,"column":39}},"type":"binary-expr","locations":[{"start":{"line":27,"column":16},"end":{"line":27,"column":33}},{"start":{"line":27,"column":37},"end":{"line":27,"column":39}}],"line":27},"7":{"loc":{"start":{"line":28,"column":14},"end":{"line":28,"column":37}},"type":"binary-expr","locations":[{"start":{"line":28,"column":14},"end":{"line":28,"column":31}},{"start":{"line":28,"column":35},"end":{"line":28,"column":37}}],"line":28},"8":{"loc":{"start":{"line":31,"column":2},"end":{"line":41,"column":3}},"type":"if","locations":[{"start":{"line":31,"column":2},"end":{"line":41,"column":3}},{"start":{"line":31,"column":2},"end":{"line":41,"column":3}}],"line":31},"9":{"loc":{"start":{"line":33,"column":4},"end":{"line":35,"column":5}},"type":"if","locations":[{"start":{"line":33,"column":4},"end":{"line":35,"column":5}},{"start":{"line":33,"column":4},"end":{"line":35,"column":5}}],"line":33},"10":{"loc":{"start":{"line":37,"column":9},"end":{"line":41,"column":3}},"type":"if","locations":[{"start":{"line":37,"column":9},"end":{"line":41,"column":3}},{"start":{"line":37,"column":9},"end":{"line":41,"column":3}}],"line":37}},"s":{"0":4,"1":4,"2":0,"3":0,"4":4,"5":1,"6":3,"7":3,"8":3,"9":3,"10":3,"11":1,"12":1,"13":0,"14":1,"15":2,"16":1,"17":1},"f":{"0":4},"b":{"0":[0,4],"1":[4,2],"2":[0,0],"3":[1,3],"4":[1,0],"5":[1,2],"6":[3,0],"7":[3,0],"8":[1,2],"9":[0,1],"10":[1,1]},"_coverageSchema":"43e27e138ebf9cfc5966b082cf9a028302ed4184","hash":"c3e7498706d8229e7e0dd435de473877a470176b"}
,"D:\\wz\\web之路\\fire-leaf-one\\FL-utils\\src\\format\\rgbToHex.js": {"path":"D:\\wz\\web之路\\fire-leaf-one\\FL-utils\\src\\format\\rgbToHex.js","statementMap":{"0":{"start":{"line":9,"column":16},"end":{"line":9,"column":44}},"1":{"start":{"line":10,"column":12},"end":{"line":10,"column":15}},"2":{"start":{"line":12,"column":2},"end":{"line":17,"column":3}},"3":{"start":{"line":12,"column":15},"end":{"line":12,"column":16}},"4":{"start":{"line":16,"column":4},"end":{"line":16,"column":59}},"5":{"start":{"line":18,"column":2},"end":{"line":18,"column":27}}},"fnMap":{"0":{"name":"rgbToHex","decl":{"start":{"line":7,"column":9},"end":{"line":7,"column":17}},"loc":{"start":{"line":7,"column":23},"end":{"line":19,"column":1}},"line":7}},"branchMap":{},"s":{"0":2,"1":2,"2":2,"3":2,"4":6,"5":2},"f":{"0":2},"b":{},"_coverageSchema":"43e27e138ebf9cfc5966b082cf9a028302ed4184","hash":"464ed2480de95bf77a8351c104a2a7fc0a296097"}
,"D:\\wz\\web之路\\fire-leaf-one\\FL-utils\\src\\format\\unBindAntdForm.js": {"path":"D:\\wz\\web之路\\fire-leaf-one\\FL-utils\\src\\format\\unBindAntdForm.js","statementMap":{"0":{"start":{"line":11,"column":2},"end":{"line":14,"column":3}},"1":{"start":{"line":12,"column":4},"end":{"line":12,"column":39}},"2":{"start":{"line":13,"column":4},"end":{"line":13,"column":11}},"3":{"start":{"line":15,"column":15},"end":{"line":15,"column":36}},"4":{"start":{"line":16,"column":14},"end":{"line":16,"column":16}},"5":{"start":{"line":18,"column":2},"end":{"line":20,"column":5}},"6":{"start":{"line":19,"column":4},"end":{"line":19,"column":35}},"7":{"start":{"line":21,"column":2},"end":{"line":21,"column":13}}},"fnMap":{"0":{"name":"unBindAntdForm","decl":{"start":{"line":10,"column":9},"end":{"line":10,"column":23}},"loc":{"start":{"line":10,"column":40},"end":{"line":22,"column":1}},"line":10},"1":{"name":"(anonymous_1)","decl":{"start":{"line":18,"column":15},"end":{"line":18,"column":16}},"loc":{"start":{"line":18,"column":24},"end":{"line":20,"column":3}},"line":18}},"branchMap":{"0":{"loc":{"start":{"line":10,"column":25},"end":{"line":10,"column":38}},"type":"default-arg","locations":[{"start":{"line":10,"column":36},"end":{"line":10,"column":38}}],"line":10},"1":{"loc":{"start":{"line":11,"column":2},"end":{"line":14,"column":3}},"type":"if","locations":[{"start":{"line":11,"column":2},"end":{"line":14,"column":3}},{"start":{"line":11,"column":2},"end":{"line":14,"column":3}}],"line":11}},"s":{"0":1,"1":0,"2":0,"3":1,"4":1,"5":1,"6":2,"7":1},"f":{"0":1,"1":2},"b":{"0":[0],"1":[0,1]},"_coverageSchema":"43e27e138ebf9cfc5966b082cf9a028302ed4184","hash":"9819dd68e1f8908a918c612c29f187e23d8f0a33"}
,"D:\\wz\\web之路\\fire-leaf-one\\FL-utils\\src\\number\\addNums.js": {"path":"D:\\wz\\web之路\\fire-leaf-one\\FL-utils\\src\\number\\addNums.js","statementMap":{"0":{"start":{"line":7,"column":21},"end":{"line":7,"column":65}},"1":{"start":{"line":8,"column":21},"end":{"line":8,"column":65}},"2":{"start":{"line":9,"column":18},"end":{"line":9,"column":64}},"3":{"start":{"line":10,"column":2},"end":{"line":10,"column":53}}},"fnMap":{"0":{"name":"addNums","decl":{"start":{"line":6,"column":24},"end":{"line":6,"column":31}},"loc":{"start":{"line":6,"column":45},"end":{"line":11,"column":1}},"line":6}},"branchMap":{"0":{"loc":{"start":{"line":7,"column":22},"end":{"line":7,"column":57}},"type":"binary-expr","locations":[{"start":{"line":7,"column":22},"end":{"line":7,"column":51}},{"start":{"line":7,"column":55},"end":{"line":7,"column":57}}],"line":7},"1":{"loc":{"start":{"line":8,"column":22},"end":{"line":8,"column":57}},"type":"binary-expr","locations":[{"start":{"line":8,"column":22},"end":{"line":8,"column":51}},{"start":{"line":8,"column":55},"end":{"line":8,"column":57}}],"line":8}},"s":{"0":1,"1":1,"2":1,"3":1},"f":{"0":1},"b":{"0":[1,0],"1":[1,0]},"_coverageSchema":"43e27e138ebf9cfc5966b082cf9a028302ed4184","hash":"055b564649183e35a87cbee18d55bcbaf77e839a"}
,"D:\\wz\\web之路\\fire-leaf-one\\FL-utils\\src\\object\\emptyObj.js": {"path":"D:\\wz\\web之路\\fire-leaf-one\\FL-utils\\src\\object\\emptyObj.js","statementMap":{"0":{"start":{"line":9,"column":2},"end":{"line":12,"column":3}},"1":{"start":{"line":10,"column":4},"end":{"line":10,"column":32}},"2":{"start":{"line":11,"column":4},"end":{"line":11,"column":17}},"3":{"start":{"line":13,"column":2},"end":{"line":18,"column":3}},"4":{"start":{"line":14,"column":4},"end":{"line":17,"column":5}},"5":{"start":{"line":16,"column":6},"end":{"line":16,"column":19}},"6":{"start":{"line":19,"column":2},"end":{"line":19,"column":14}}},"fnMap":{"0":{"name":"emptyObj","decl":{"start":{"line":8,"column":9},"end":{"line":8,"column":17}},"loc":{"start":{"line":8,"column":23},"end":{"line":20,"column":1}},"line":8}},"branchMap":{"0":{"loc":{"start":{"line":9,"column":2},"end":{"line":12,"column":3}},"type":"if","locations":[{"start":{"line":9,"column":2},"end":{"line":12,"column":3}},{"start":{"line":9,"column":2},"end":{"line":12,"column":3}}],"line":9},"1":{"loc":{"start":{"line":14,"column":4},"end":{"line":17,"column":5}},"type":"if","locations":[{"start":{"line":14,"column":4},"end":{"line":17,"column":5}},{"start":{"line":14,"column":4},"end":{"line":17,"column":5}}],"line":14}},"s":{"0":5,"1":1,"2":1,"3":4,"4":2,"5":2,"6":2},"f":{"0":5},"b":{"0":[1,4],"1":[2,0]},"_coverageSchema":"43e27e138ebf9cfc5966b082cf9a028302ed4184","hash":"2f2fa74b2d5a000d6d8e85878c2865f516cf9f8a"}
,"D:\\wz\\web之路\\fire-leaf-one\\FL-utils\\src\\object\\isEquivalentObj.js": {"path":"D:\\wz\\web之路\\fire-leaf-one\\FL-utils\\src\\object\\isEquivalentObj.js","statementMap":{"0":{"start":{"line":11,"column":2},"end":{"line":14,"column":3}},"1":{"start":{"line":12,"column":4},"end":{"line":12,"column":32}},"2":{"start":{"line":13,"column":4},"end":{"line":13,"column":17}},"3":{"start":{"line":16,"column":15},"end":{"line":16,"column":44}},"4":{"start":{"line":17,"column":15},"end":{"line":17,"column":44}},"5":{"start":{"line":20,"column":2},"end":{"line":22,"column":3}},"6":{"start":{"line":21,"column":4},"end":{"line":21,"column":17}},"7":{"start":{"line":24,"column":2},"end":{"line":31,"column":3}},"8":{"start":{"line":24,"column":15},"end":{"line":24,"column":16}},"9":{"start":{"line":24,"column":24},"end":{"line":24,"column":37}},"10":{"start":{"line":25,"column":19},"end":{"line":25,"column":28}},"11":{"start":{"line":28,"column":4},"end":{"line":30,"column":5}},"12":{"start":{"line":29,"column":6},"end":{"line":29,"column":19}},"13":{"start":{"line":33,"column":2},"end":{"line":33,"column":14}}},"fnMap":{"0":{"name":"isEquivalentObj","decl":{"start":{"line":10,"column":9},"end":{"line":10,"column":24}},"loc":{"start":{"line":10,"column":32},"end":{"line":34,"column":1}},"line":10}},"branchMap":{"0":{"loc":{"start":{"line":11,"column":2},"end":{"line":14,"column":3}},"type":"if","locations":[{"start":{"line":11,"column":2},"end":{"line":14,"column":3}},{"start":{"line":11,"column":2},"end":{"line":14,"column":3}}],"line":11},"1":{"loc":{"start":{"line":11,"column":6},"end":{"line":11,"column":34}},"type":"binary-expr","locations":[{"start":{"line":11,"column":6},"end":{"line":11,"column":18}},{"start":{"line":11,"column":22},"end":{"line":11,"column":34}}],"line":11},"2":{"loc":{"start":{"line":20,"column":2},"end":{"line":22,"column":3}},"type":"if","locations":[{"start":{"line":20,"column":2},"end":{"line":22,"column":3}},{"start":{"line":20,"column":2},"end":{"line":22,"column":3}}],"line":20},"3":{"loc":{"start":{"line":28,"column":4},"end":{"line":30,"column":5}},"type":"if","locations":[{"start":{"line":28,"column":4},"end":{"line":30,"column":5}},{"start":{"line":28,"column":4},"end":{"line":30,"column":5}}],"line":28}},"s":{"0":3,"1":0,"2":0,"3":3,"4":3,"5":3,"6":1,"7":2,"8":2,"9":2,"10":4,"11":4,"12":1,"13":1},"f":{"0":3},"b":{"0":[0,3],"1":[3,3],"2":[1,2],"3":[1,3]},"_coverageSchema":"43e27e138ebf9cfc5966b082cf9a028302ed4184","hash":"a21c4bda25ac356e31f97357a6eae77d6c549b69"}
,"D:\\wz\\web之路\\fire-leaf-one\\FL-utils\\src\\string\\randomColor.js": {"path":"D:\\wz\\web之路\\fire-leaf-one\\FL-utils\\src\\string\\randomColor.js","statementMap":{"0":{"start":{"line":8,"column":2},"end":{"line":18,"column":3}},"1":{"start":{"line":9,"column":12},"end":{"line":9,"column":41}},"2":{"start":{"line":10,"column":12},"end":{"line":10,"column":41}},"3":{"start":{"line":11,"column":12},"end":{"line":11,"column":41}},"4":{"start":{"line":12,"column":4},"end":{"line":12,"column":56}},"5":{"start":{"line":13,"column":9},"end":{"line":18,"column":3}},"6":{"start":{"line":14,"column":4},"end":{"line":14,"column":79}},"7":{"start":{"line":15,"column":9},"end":{"line":18,"column":3}},"8":{"start":{"line":16,"column":21},"end":{"line":16,"column":50}},"9":{"start":{"line":17,"column":4},"end":{"line":17,"column":58}},"10":{"start":{"line":20,"column":2},"end":{"line":20,"column":9}}},"fnMap":{"0":{"name":"randomColor","decl":{"start":{"line":7,"column":9},"end":{"line":7,"column":20}},"loc":{"start":{"line":7,"column":47},"end":{"line":21,"column":1}},"line":7}},"branchMap":{"0":{"loc":{"start":{"line":7,"column":22},"end":{"line":7,"column":34}},"type":"default-arg","locations":[{"start":{"line":7,"column":29},"end":{"line":7,"column":34}}],"line":7},"1":{"loc":{"start":{"line":7,"column":36},"end":{"line":7,"column":45}},"type":"default-arg","locations":[{"start":{"line":7,"column":44},"end":{"line":7,"column":45}}],"line":7},"2":{"loc":{"start":{"line":8,"column":2},"end":{"line":18,"column":3}},"type":"if","locations":[{"start":{"line":8,"column":2},"end":{"line":18,"column":3}},{"start":{"line":8,"column":2},"end":{"line":18,"column":3}}],"line":8},"3":{"loc":{"start":{"line":13,"column":9},"end":{"line":18,"column":3}},"type":"if","locations":[{"start":{"line":13,"column":9},"end":{"line":18,"column":3}},{"start":{"line":13,"column":9},"end":{"line":18,"column":3}}],"line":13},"4":{"loc":{"start":{"line":15,"column":9},"end":{"line":18,"column":3}},"type":"if","locations":[{"start":{"line":15,"column":9},"end":{"line":18,"column":3}},{"start":{"line":15,"column":9},"end":{"line":18,"column":3}}],"line":15}},"s":{"0":3,"1":1,"2":1,"3":1,"4":1,"5":2,"6":1,"7":1,"8":1,"9":1,"10":0},"f":{"0":3},"b":{"0":[0],"1":[1],"2":[1,2],"3":[1,1],"4":[1,0]},"_coverageSchema":"43e27e138ebf9cfc5966b082cf9a028302ed4184","hash":"057910881edb5cd3331d10dc9d75d69519088250"}
,"D:\\wz\\web之路\\fire-leaf-one\\FL-utils\\src\\string\\randomId.js": {"path":"D:\\wz\\web之路\\fire-leaf-one\\FL-utils\\src\\string\\randomId.js","statementMap":{"0":{"start":{"line":6,"column":2},"end":{"line":6,"column":45}}},"fnMap":{"0":{"name":"randomId","decl":{"start":{"line":5,"column":9},"end":{"line":5,"column":17}},"loc":{"start":{"line":5,"column":21},"end":{"line":7,"column":1}},"line":5}},"branchMap":{},"s":{"0":3},"f":{"0":3},"b":{},"_coverageSchema":"43e27e138ebf9cfc5966b082cf9a028302ed4184","hash":"03e5ac07e0cce3cbe11731d83daa6184c86332b8"}
,"D:\\wz\\web之路\\fire-leaf-one\\FL-utils\\src\\string\\trim.js": {"path":"D:\\wz\\web之路\\fire-leaf-one\\FL-utils\\src\\string\\trim.js","statementMap":{"0":{"start":{"line":1,"column":17},"end":{"line":7,"column":2}},"1":{"start":{"line":17,"column":2},"end":{"line":17,"column":42}},"2":{"start":{"line":17,"column":31},"end":{"line":17,"column":42}},"3":{"start":{"line":18,"column":2},"end":{"line":21,"column":3}},"4":{"start":{"line":19,"column":4},"end":{"line":19,"column":47}},"5":{"start":{"line":20,"column":4},"end":{"line":20,"column":15}},"6":{"start":{"line":23,"column":2},"end":{"line":42,"column":3}},"7":{"start":{"line":25,"column":6},"end":{"line":25,"column":48}},"8":{"start":{"line":26,"column":6},"end":{"line":26,"column":12}},"9":{"start":{"line":28,"column":6},"end":{"line":28,"column":48}},"10":{"start":{"line":29,"column":6},"end":{"line":29,"column":12}},"11":{"start":{"line":31,"column":6},"end":{"line":31,"column":80}},"12":{"start":{"line":32,"column":6},"end":{"line":32,"column":12}},"13":{"start":{"line":34,"column":6},"end":{"line":36,"column":7}},"14":{"start":{"line":35,"column":8},"end":{"line":35,"column":63}},"15":{"start":{"line":37,"column":6},"end":{"line":37,"column":12}},"16":{"start":{"line":39,"column":6},"end":{"line":39,"column":47}},"17":{"start":{"line":40,"column":6},"end":{"line":40,"column":12}},"18":{"start":{"line":44,"column":2},"end":{"line":44,"column":13}}},"fnMap":{"0":{"name":"trim","decl":{"start":{"line":16,"column":9},"end":{"line":16,"column":13}},"loc":{"start":{"line":16,"column":45},"end":{"line":45,"column":1}},"line":16}},"branchMap":{"0":{"loc":{"start":{"line":16,"column":19},"end":{"line":16,"column":43}},"type":"default-arg","locations":[{"start":{"line":16,"column":30},"end":{"line":16,"column":43}}],"line":16},"1":{"loc":{"start":{"line":17,"column":2},"end":{"line":17,"column":42}},"type":"if","locations":[{"start":{"line":17,"column":2},"end":{"line":17,"column":42}},{"start":{"line":17,"column":2},"end":{"line":17,"column":42}}],"line":17},"2":{"loc":{"start":{"line":18,"column":2},"end":{"line":21,"column":3}},"type":"if","locations":[{"start":{"line":18,"column":2},"end":{"line":21,"column":3}},{"start":{"line":18,"column":2},"end":{"line":21,"column":3}}],"line":18},"3":{"loc":{"start":{"line":23,"column":2},"end":{"line":42,"column":3}},"type":"switch","locations":[{"start":{"line":24,"column":4},"end":{"line":26,"column":12}},{"start":{"line":27,"column":4},"end":{"line":29,"column":12}},{"start":{"line":30,"column":4},"end":{"line":32,"column":12}},{"start":{"line":33,"column":4},"end":{"line":37,"column":12}},{"start":{"line":38,"column":4},"end":{"line":40,"column":12}},{"start":{"line":41,"column":4},"end":{"line":41,"column":12}}],"line":23}},"s":{"0":2,"1":7,"2":0,"3":7,"4":1,"5":1,"6":6,"7":1,"8":1,"9":1,"10":1,"11":2,"12":2,"13":1,"14":2,"15":1,"16":1,"17":1,"18":6},"f":{"0":7},"b":{"0":[1],"1":[0,7],"2":[1,6],"3":[1,1,2,1,1,0]},"_coverageSchema":"43e27e138ebf9cfc5966b082cf9a028302ed4184","hash":"c78a45b2af71e1228d6d3501be2e19d35b7e2652"}
}
