TN:
SF:D:\wz\web之路\fire-leaf-one\FL-utils\src\index.js
FNF:0
FNH:0
LF:0
LH:0
BRF:0
BRH:0
end_of_record
TN:
SF:D:\wz\web之路\fire-leaf-one\FL-utils\src\ajax\filterParams.js
FN:12,filterParams
FN:13,(anonymous_1)
FNF:2
FNH:2
FNDA:1,filterParams
FNDA:7,(anonymous_1)
DA:13,1
DA:14,7
DA:15,2
DA:16,2
DA:17,1
DA:20,5
DA:21,2
DA:22,1
DA:25,3
DA:26,2
DA:27,1
DA:30,1
DA:31,0
DA:33,1
DA:34,0
DA:36,4
DA:39,1
LF:17
LH:15
BRDA:13,0,0,1
BRDA:13,0,1,0
BRDA:14,1,0,2
BRDA:14,1,1,5
BRDA:16,2,0,1
BRDA:16,2,1,1
BRDA:20,3,0,2
BRDA:20,3,1,3
BRDA:21,4,0,1
BRDA:21,4,1,1
BRDA:25,5,0,2
BRDA:25,5,1,1
BRDA:26,6,0,1
BRDA:26,6,1,1
BRDA:30,7,0,0
BRDA:30,7,1,1
BRDA:33,8,0,0
BRDA:33,8,1,1
BRDA:33,9,0,1
BRDA:33,9,1,1
BRF:20
BRH:17
end_of_record
TN:
SF:D:\wz\web之路\fire-leaf-one\FL-utils\src\ajax\paramToObj.js
FN:6,paramToObj
FNF:1
FNH:1
FNDA:1,paramToObj
DA:7,1
DA:8,1
DA:9,0
DA:11,1
LF:4
LH:3
BRDA:8,0,0,0
BRDA:8,0,1,1
BRF:2
BRH:1
end_of_record
TN:
SF:D:\wz\web之路\fire-leaf-one\FL-utils\src\ajax\queryString.js
FN:11,queryString
FN:15,(anonymous_1)
FNF:2
FNH:2
FNDA:1,queryString
FNDA:4,(anonymous_1)
DA:12,1
DA:13,1
DA:14,1
DA:15,1
DA:16,4
DA:17,4
DA:18,2
DA:20,4
DA:23,0
DA:26,1
LF:10
LH:9
BRDA:13,0,0,1
BRDA:13,0,1,0
BRDA:17,1,0,2
BRDA:17,1,1,2
BRDA:17,2,0,4
BRDA:17,2,1,3
BRF:6
BRH:5
end_of_record
TN:
SF:D:\wz\web之路\fire-leaf-one\FL-utils\src\array\isRepeatArray.js
FN:10,isRepeatArray
FNF:1
FNH:1
FNDA:2,isRepeatArray
DA:11,2
DA:12,2
DA:13,2
DA:14,5
DA:15,2
DA:17,3
DA:20,2
DA:22,0
LF:8
LH:7
BRDA:10,0,0,0
BRDA:10,1,0,1
BRDA:11,2,0,2
BRDA:11,2,1,0
BRDA:14,3,0,2
BRDA:14,3,1,3
BRDA:15,4,0,2
BRDA:15,4,1,0
BRF:8
BRH:5
end_of_record
TN:
SF:D:\wz\web之路\fire-leaf-one\FL-utils\src\array\maxArrNum.js
FN:7,maxArrNum
FN:12,(anonymous_1)
FNF:2
FNH:2
FNDA:3,maxArrNum
FNDA:3,(anonymous_1)
DA:8,3
DA:9,1
DA:10,1
DA:12,2
DA:13,3
LF:5
LH:5
BRDA:8,0,0,1
BRDA:8,0,1,2
BRF:2
BRH:2
end_of_record
TN:
SF:D:\wz\web之路\fire-leaf-one\FL-utils\src\array\minArrNum.js
FN:7,minArrNum
FN:12,(anonymous_1)
FNF:2
FNH:2
FNDA:3,minArrNum
FNDA:3,(anonymous_1)
DA:8,3
DA:9,1
DA:10,1
DA:12,2
DA:13,3
LF:5
LH:5
BRDA:8,0,0,1
BRDA:8,0,1,2
BRF:2
BRH:2
end_of_record
TN:
SF:D:\wz\web之路\fire-leaf-one\FL-utils\src\array\uniqueArray.js
FN:8,uniqueArray
FNF:1
FNH:1
FNDA:3,uniqueArray
DA:9,3
DA:10,3
DA:11,1
DA:13,2
DA:16,0
LF:5
LH:4
BRDA:9,0,0,3
BRDA:9,0,1,0
BRDA:10,1,0,1
BRDA:10,1,1,2
BRDA:11,2,0,1
BRDA:11,2,1,0
BRF:6
BRH:4
end_of_record
TN:
SF:D:\wz\web之路\fire-leaf-one\FL-utils\src\basic\beNaN.js
FN:21,beNaN
FNF:1
FNH:1
FNDA:4,beNaN
DA:22,4
LF:1
LH:1
BRDA:22,0,0,4
BRDA:22,0,1,3
BRF:2
BRH:2
end_of_record
TN:
SF:D:\wz\web之路\fire-leaf-one\FL-utils\src\basic\isArray.js
FN:17,isArray
FN:19,(anonymous_1)
FNF:2
FNH:1
FNDA:36,isArray
FNDA:0,(anonymous_1)
DA:18,36
DA:19,0
DA:20,0
DA:23,36
LF:4
LH:2
BRDA:18,0,0,0
BRDA:18,0,1,36
BRF:2
BRH:1
end_of_record
TN:
SF:D:\wz\web之路\fire-leaf-one\FL-utils\src\basic\isLength.js
FN:19,isLength
FNF:1
FNH:1
FNDA:3,isLength
DA:17,2
DA:20,3
LF:2
LH:2
BRDA:20,0,0,3
BRDA:20,0,1,2
BRDA:20,0,2,2
BRDA:20,0,3,1
BRF:4
BRH:4
end_of_record
TN:
SF:D:\wz\web之路\fire-leaf-one\FL-utils\src\basic\isNull.js
FN:16,isNull
FNF:1
FNH:1
FNDA:2,isNull
DA:17,2
LF:1
LH:1
BRF:0
BRH:0
end_of_record
TN:
SF:D:\wz\web之路\fire-leaf-one\FL-utils\src\basic\isNumber.js
FNF:0
FNH:0
DA:7,5
LF:1
LH:1
BRF:0
BRH:0
end_of_record
TN:
SF:D:\wz\web之路\fire-leaf-one\FL-utils\src\basic\isObject.js
FN:16,isObject
FNF:1
FNH:1
FNDA:33,isObject
DA:17,33
LF:1
LH:1
BRF:0
BRH:0
end_of_record
TN:
SF:D:\wz\web之路\fire-leaf-one\FL-utils\src\basic\isString.js
FN:14,isString
FNF:1
FNH:1
FNDA:2,isString
DA:15,2
LF:1
LH:1
BRF:0
BRH:0
end_of_record
TN:
SF:D:\wz\web之路\fire-leaf-one\FL-utils\src\basic\isUndefined.js
FN:16,isUndefined
FNF:1
FNH:1
FNDA:2,isUndefined
DA:17,2
LF:1
LH:1
BRF:0
BRH:0
end_of_record
TN:
SF:D:\wz\web之路\fire-leaf-one\FL-utils\src\collection\arrayToTree.js
FN:10,arrayToTree
FN:17,(anonymous_1)
FN:21,(anonymous_2)
FNF:3
FNH:3
FNDA:1,arrayToTree
FNDA:4,(anonymous_1)
FNDA:4,(anonymous_2)
DA:11,1
DA:12,0
DA:14,1
DA:15,1
DA:16,1
DA:17,1
DA:18,4
DA:21,1
DA:22,4
DA:23,4
DA:24,3
DA:25,3
DA:27,1
DA:30,1
LF:14
LH:13
BRDA:10,0,0,0
BRDA:10,1,0,0
BRDA:10,2,0,1
BRDA:11,3,0,0
BRDA:11,3,1,1
BRDA:23,4,0,3
BRDA:23,4,1,1
BRDA:24,5,0,3
BRDA:24,5,1,2
BRF:9
BRH:6
end_of_record
TN:
SF:D:\wz\web之路\fire-leaf-one\FL-utils\src\collection\arrayTreeCallBack.js
FN:10,arrayTreeCallBack
FN:19,treeMap
FN:20,(anonymous_2)
FNF:3
FNH:3
FNDA:1,arrayTreeCallBack
FNDA:3,treeMap
FNDA:4,(anonymous_2)
DA:11,1
DA:12,0
DA:14,1
DA:16,1
DA:17,1
DA:20,3
DA:21,4
DA:22,4
DA:23,2
DA:24,2
DA:27,4
DA:31,1
LF:12
LH:11
BRDA:11,0,0,0
BRDA:11,0,1,1
BRDA:14,1,0,0
BRDA:14,1,1,1
BRDA:16,2,0,1
BRDA:16,2,1,1
BRDA:17,3,0,1
BRDA:17,3,1,1
BRDA:22,4,0,2
BRDA:22,4,1,2
BRDA:22,5,0,4
BRDA:22,5,1,2
BRF:12
BRH:10
end_of_record
TN:
SF:D:\wz\web之路\fire-leaf-one\FL-utils\src\collection\deepCopy.js
FN:7,deepCopy
FNF:1
FNH:1
FNDA:13,deepCopy
DA:8,13
DA:9,2
DA:10,2
DA:11,4
DA:13,2
DA:14,11
DA:15,1
DA:16,10
DA:17,3
DA:19,3
DA:20,6
DA:22,3
DA:24,7
LF:13
LH:13
BRDA:8,0,0,2
BRDA:8,0,1,11
BRDA:14,1,0,1
BRDA:14,1,1,10
BRDA:16,2,0,3
BRDA:16,2,1,7
BRF:6
BRH:6
end_of_record
TN:
SF:D:\wz\web之路\fire-leaf-one\FL-utils\src\collection\filter.js
FN:14,filter
FN:20,(anonymous_1)
FN:23,(anonymous_2)
FNF:3
FNH:3
FNDA:3,filter
FNDA:4,(anonymous_1)
FNDA:10,(anonymous_2)
DA:15,3
DA:16,3
DA:17,0
DA:19,3
DA:20,4
DA:21,2
DA:22,2
DA:23,10
DA:25,2
DA:26,2
DA:27,5
DA:28,5
DA:29,1
DA:31,5
DA:34,0
DA:37,3
LF:16
LH:14
BRDA:16,0,0,0
BRDA:16,0,1,3
BRDA:19,1,0,1
BRDA:19,1,1,2
BRDA:21,2,0,2
BRDA:21,2,1,0
BRDA:28,3,0,1
BRDA:28,3,1,4
BRF:8
BRH:6
end_of_record
TN:
SF:D:\wz\web之路\fire-leaf-one\FL-utils\src\collection\filterTree.js
FN:10,filterTree
FN:14,(anonymous_1)
FN:15,(anonymous_2)
FNF:3
FNH:3
FNDA:3,filterTree
FNDA:4,(anonymous_1)
FNDA:3,(anonymous_2)
DA:11,3
DA:12,0
DA:14,4
DA:15,3
DA:16,3
LF:5
LH:4
BRDA:10,0,0,0
BRDA:11,1,0,0
BRDA:11,1,1,3
BRDA:15,2,0,3
BRDA:15,2,1,2
BRF:5
BRH:3
end_of_record
TN:
SF:D:\wz\web之路\fire-leaf-one\FL-utils\src\collection\filterTreeFn.js
FN:10,filterTreeFn
FN:16,(anonymous_1)
FNF:2
FNH:2
FNDA:3,filterTreeFn
FNDA:2,(anonymous_1)
DA:11,3
DA:12,0
DA:14,3
DA:15,3
DA:16,3
DA:18,3
DA:20,3
LF:7
LH:6
BRDA:10,0,0,3
BRDA:11,1,0,0
BRDA:11,1,1,3
BRDA:14,2,0,0
BRDA:14,2,1,3
BRDA:16,3,0,2
BRDA:16,3,1,2
BRF:7
BRH:5
end_of_record
TN:
SF:D:\wz\web之路\fire-leaf-one\FL-utils\src\collection\getNodeByKeyValues.js
FN:17,getNodeByKeyValues
FN:24,(anonymous_1)
FN:25,(anonymous_2)
FNF:3
FNH:3
FNDA:1,getNodeByKeyValues
FNDA:2,(anonymous_1)
FNDA:3,(anonymous_2)
DA:18,1
DA:19,0
DA:20,0
DA:23,1
DA:24,1
DA:25,2
DA:26,3
DA:27,2
DA:29,3
DA:30,1
DA:35,1
DA:37,1
LF:12
LH:10
BRDA:17,0,0,0
BRDA:17,1,0,0
BRDA:17,2,0,0
BRDA:17,3,0,1
BRDA:18,4,0,0
BRDA:18,4,1,1
BRDA:18,5,0,1
BRDA:18,5,1,1
BRDA:26,6,0,2
BRDA:26,6,1,1
BRDA:26,7,0,3
BRDA:26,7,1,3
BRDA:29,8,0,1
BRDA:29,8,1,2
BRDA:29,9,0,3
BRDA:29,9,1,1
BRF:16
BRH:12
end_of_record
TN:
SF:D:\wz\web之路\fire-leaf-one\FL-utils\src\collection\sortTree.js
FN:14,(anonymous_0)
FN:22,(anonymous_1)
FNF:2
FNH:2
FNDA:3,(anonymous_0)
FNDA:6,(anonymous_1)
DA:14,2
DA:15,3
DA:17,3
DA:18,0
DA:19,0
DA:22,3
DA:23,6
DA:24,4
DA:25,4
DA:26,0
DA:27,0
DA:29,0
DA:31,2
DA:32,2
DA:33,0
DA:35,2
DA:36,1
DA:38,2
DA:39,0
DA:42,2
DA:43,0
DA:44,2
DA:45,2
DA:47,0
DA:50,0
DA:53,3
LF:26
LH:16
BRDA:14,0,0,0
BRDA:14,1,0,0
BRDA:14,2,0,1
BRDA:14,3,0,2
BRDA:15,4,0,0
BRDA:15,4,1,3
BRDA:15,5,0,3
BRDA:15,5,1,3
BRDA:17,6,0,0
BRDA:17,6,1,3
BRDA:18,7,0,0
BRDA:18,7,1,0
BRDA:18,8,0,0
BRDA:18,8,1,0
BRDA:23,9,0,4
BRDA:23,9,1,2
BRDA:23,10,0,6
BRDA:23,10,1,4
BRDA:24,11,0,4
BRDA:24,11,1,0
BRDA:26,12,0,0
BRDA:26,12,1,0
BRDA:31,13,0,2
BRDA:31,13,1,0
BRDA:31,14,0,2
BRDA:31,14,1,2
BRDA:32,15,0,0
BRDA:32,15,1,2
BRDA:32,16,0,2
BRDA:32,16,1,0
BRDA:35,17,0,1
BRDA:35,17,1,1
BRDA:35,18,0,2
BRDA:35,18,1,1
BRDA:38,19,0,0
BRDA:38,19,1,2
BRDA:38,20,0,2
BRDA:38,20,1,0
BRDA:38,20,2,2
BRDA:38,20,3,0
BRDA:42,21,0,0
BRDA:42,21,1,2
BRDA:44,22,0,2
BRDA:44,22,1,0
BRF:44
BRH:25
end_of_record
TN:
SF:D:\wz\web之路\fire-leaf-one\FL-utils\src\dom\debounce.js
FN:41,debounce
FN:43,(anonymous_1)
FN:45,(anonymous_2)
FN:46,(anonymous_3)
FNF:4
FNH:4
FNDA:1,debounce
FNDA:5,(anonymous_1)
FNDA:5,(anonymous_2)
FNDA:1,(anonymous_3)
DA:42,1
DA:43,1
DA:44,5
DA:45,5
DA:46,5
DA:47,1
LF:6
LH:6
BRDA:41,0,0,0
BRF:1
BRH:0
end_of_record
TN:
SF:D:\wz\web之路\fire-leaf-one\FL-utils\src\dom\downloadLink.js
FN:9,(anonymous_0)
FNF:1
FNH:0
FNDA:0,(anonymous_0)
DA:9,1
DA:10,0
DA:11,0
DA:12,0
DA:13,0
DA:14,0
DA:15,0
DA:16,0
DA:17,0
LF:9
LH:1
BRDA:9,0,0,0
BRDA:9,1,0,0
BRF:2
BRH:0
end_of_record
TN:
SF:D:\wz\web之路\fire-leaf-one\FL-utils\src\dom\drawLineArrow.js
FN:2,(anonymous_0)
FNF:1
FNH:0
FNDA:0,(anonymous_0)
DA:2,1
DA:5,0
DA:7,0
DA:8,0
DA:9,0
DA:11,0
DA:13,0
DA:14,0
DA:17,0
DA:19,0
DA:20,0
DA:21,0
DA:23,0
DA:26,0
LF:14
LH:1
BRF:0
BRH:0
end_of_record
TN:
SF:D:\wz\web之路\fire-leaf-one\FL-utils\src\dom\throttle.js
FN:72,throttle
FN:74,(anonymous_1)
FN:77,(anonymous_2)
FN:79,(anonymous_3)
FNF:4
FNH:4
FNDA:1,throttle
FNDA:4,(anonymous_1)
FNDA:4,(anonymous_2)
FNDA:1,(anonymous_3)
DA:74,1
DA:75,4
DA:76,4
DA:77,4
DA:78,4
DA:79,1
DA:80,1
DA:81,1
LF:8
LH:8
BRDA:72,0,0,0
BRDA:78,1,0,1
BRDA:78,1,1,3
BRF:3
BRH:2
end_of_record
TN:
SF:D:\wz\web之路\fire-leaf-one\FL-utils\src\format\antdFormFormat.js
FN:10,antdFormFormat
FN:18,(anonymous_1)
FNF:2
FNH:2
FNDA:1,antdFormFormat
FNDA:2,(anonymous_1)
DA:11,1
DA:12,0
DA:13,0
DA:15,1
DA:16,1
DA:18,1
DA:19,2
DA:20,2
DA:22,1
LF:9
LH:7
BRDA:10,0,0,0
BRDA:11,1,0,0
BRDA:11,1,1,1
BRF:3
BRH:1
end_of_record
TN:
SF:D:\wz\web之路\fire-leaf-one\FL-utils\src\format\btSize.js
FN:7,btSize
FNF:1
FNH:1
FNDA:2,btSize
DA:8,2
DA:9,2
DA:10,2
DA:11,1
DA:12,1
DA:13,1
DA:14,1
DA:15,0
DA:18,1
DA:21,1
DA:22,1
DA:24,0
LF:12
LH:10
BRDA:10,0,0,1
BRDA:10,0,1,1
BRDA:14,1,0,0
BRDA:14,1,1,1
BRDA:21,2,0,1
BRDA:21,2,1,0
BRF:6
BRH:4
end_of_record
TN:
SF:D:\wz\web之路\fire-leaf-one\FL-utils\src\format\formatDate.js
FN:19,(anonymous_0)
FNF:1
FNH:1
FNDA:2,(anonymous_0)
DA:19,2
DA:20,2
DA:21,2
DA:22,0
DA:24,2
DA:25,2
LF:6
LH:5
BRDA:19,0,0,1
BRDA:20,1,0,0
BRDA:20,1,1,2
BRDA:21,2,0,0
BRDA:21,2,1,2
BRDA:25,3,0,0
BRDA:25,3,1,2
BRF:7
BRH:4
end_of_record
TN:
SF:D:\wz\web之路\fire-leaf-one\FL-utils\src\format\hexToRgb.js
FN:7,hexToRgb
FN:16,(anonymous_1)
FNF:2
FNH:2
FNDA:2,hexToRgb
FNDA:6,(anonymous_1)
DA:8,2
DA:10,2
DA:12,2
DA:13,1
DA:16,2
DA:17,6
DA:20,2
LF:7
LH:7
BRDA:12,0,0,1
BRDA:12,0,1,1
BRF:2
BRH:2
end_of_record
TN:
SF:D:\wz\web之路\fire-leaf-one\FL-utils\src\format\numpoints.js
FN:18,numPoints
FNF:1
FNH:1
FNDA:2,numPoints
DA:19,2
DA:20,2
DA:21,0
DA:22,0
DA:24,2
DA:26,2
DA:27,2
DA:28,2
DA:29,2
DA:31,2
DA:32,1
DA:33,1
DA:34,0
DA:36,1
DA:38,1
LF:15
LH:12
BRDA:18,0,0,1
BRDA:20,1,0,0
BRDA:20,1,1,2
BRDA:22,2,0,0
BRDA:22,2,1,0
BRDA:24,3,0,0
BRDA:24,3,1,2
BRDA:24,4,0,0
BRDA:24,4,1,0
BRDA:27,5,0,2
BRDA:27,5,1,1
BRDA:28,6,0,2
BRDA:28,6,1,0
BRDA:31,7,0,1
BRDA:31,7,1,1
BRDA:33,8,0,0
BRDA:33,8,1,1
BRF:17
BRH:9
end_of_record
TN:
SF:D:\wz\web之路\fire-leaf-one\FL-utils\src\format\rgbToHex.js
FN:7,rgbToHex
FNF:1
FNH:1
FNDA:2,rgbToHex
DA:9,2
DA:10,2
DA:12,2
DA:16,6
DA:18,2
LF:5
LH:5
BRF:0
BRH:0
end_of_record
TN:
SF:D:\wz\web之路\fire-leaf-one\FL-utils\src\format\unBindAntdForm.js
FN:10,unBindAntdForm
FN:18,(anonymous_1)
FNF:2
FNH:2
FNDA:1,unBindAntdForm
FNDA:2,(anonymous_1)
DA:11,1
DA:12,0
DA:13,0
DA:15,1
DA:16,1
DA:18,1
DA:19,2
DA:21,1
LF:8
LH:6
BRDA:10,0,0,0
BRDA:11,1,0,0
BRDA:11,1,1,1
BRF:3
BRH:1
end_of_record
TN:
SF:D:\wz\web之路\fire-leaf-one\FL-utils\src\number\addNums.js
FN:6,addNums
FNF:1
FNH:1
FNDA:1,addNums
DA:7,1
DA:8,1
DA:9,1
DA:10,1
LF:4
LH:4
BRDA:7,0,0,1
BRDA:7,0,1,0
BRDA:8,1,0,1
BRDA:8,1,1,0
BRF:4
BRH:2
end_of_record
TN:
SF:D:\wz\web之路\fire-leaf-one\FL-utils\src\object\emptyObj.js
FN:8,emptyObj
FNF:1
FNH:1
FNDA:4,emptyObj
DA:9,4
DA:10,0
DA:11,0
DA:13,4
DA:14,2
DA:16,2
DA:19,2
LF:7
LH:5
BRDA:9,0,0,0
BRDA:9,0,1,4
BRDA:14,1,0,2
BRDA:14,1,1,0
BRF:4
BRH:2
end_of_record
TN:
SF:D:\wz\web之路\fire-leaf-one\FL-utils\src\object\isEquivalentObj.js
FN:10,isEquivalentObj
FNF:1
FNH:1
FNDA:3,isEquivalentObj
DA:11,3
DA:12,0
DA:13,0
DA:16,3
DA:17,3
DA:20,3
DA:21,1
DA:24,2
DA:25,4
DA:28,4
DA:29,1
DA:33,1
LF:12
LH:10
BRDA:11,0,0,0
BRDA:11,0,1,3
BRDA:11,1,0,3
BRDA:11,1,1,3
BRDA:20,2,0,1
BRDA:20,2,1,2
BRDA:28,3,0,1
BRDA:28,3,1,3
BRF:8
BRH:7
end_of_record
TN:
SF:D:\wz\web之路\fire-leaf-one\FL-utils\src\string\randomColor.js
FN:7,randomColor
FNF:1
FNH:1
FNDA:3,randomColor
DA:8,3
DA:9,1
DA:10,1
DA:11,1
DA:12,1
DA:13,2
DA:14,1
DA:15,1
DA:16,1
DA:17,1
DA:20,0
LF:11
LH:10
BRDA:7,0,0,0
BRDA:7,1,0,1
BRDA:8,2,0,1
BRDA:8,2,1,2
BRDA:13,3,0,1
BRDA:13,3,1,1
BRDA:15,4,0,1
BRDA:15,4,1,0
BRF:8
BRH:6
end_of_record
TN:
SF:D:\wz\web之路\fire-leaf-one\FL-utils\src\string\randomId.js
FN:5,randomId
FNF:1
FNH:1
FNDA:3,randomId
DA:6,3
LF:1
LH:1
BRF:0
BRH:0
end_of_record
